2026-01-20 18:46:56 - INFO - ======================================================================
2026-01-20 18:46:56 - INFO - CHK_1A - Fund Completeness
2026-01-20 18:46:56 - INFO - ======================================================================
2026-01-20 18:46:56 - INFO - ======================================================================
2026-01-20 18:46:56 - INFO - CHK_1B - Date Validity
2026-01-20 18:46:56 - INFO - ======================================================================
2026-01-20 18:46:56 - INFO - ======================================================================
2026-01-20 18:46:56 - INFO - CHK_2A - Previous Month Comparison
2026-01-20 18:46:56 - INFO - ======================================================================
2026-01-20 18:46:56 - INFO - ======================================================================
2026-01-20 18:46:56 - INFO - CHK_2B - Exposure Profile Check
2026-01-20 18:46:56 - INFO - ======================================================================
2026-01-20 18:46:56 - INFO - ======================================================================
2026-01-20 18:46:56 - INFO - CHK_3 - Within-Month Combinations
2026-01-20 18:46:56 - INFO - ======================================================================
2026-01-20 18:46:56 - INFO - Log directory created: log\20260120_184656_985a7e15
2026-01-20 18:46:56 - INFO - ======================================================================
2026-01-20 18:46:56 - INFO - Disclosure Report K.303 Validator
2026-01-20 18:46:56 - INFO - ======================================================================
2026-01-20 18:46:56 - INFO - Loading mutual funds list...
2026-01-20 18:46:56 - INFO - Loaded 2443 funds from mutual funds list
2026-01-20 18:46:56 - INFO - Found 540 Mizrahi trustee funds
2026-01-20 18:46:56 - INFO - Loading current month disclosure report...
2026-01-20 18:46:56 - INFO - Detected XLSX format for: disclosure_migdal_current_month.csv
