2026-01-20 20:40:17 - INFO - ======================================================================
2026-01-20 20:40:17 - INFO - CHK_1A - Fund Completeness
2026-01-20 20:40:17 - INFO - ======================================================================
2026-01-20 20:40:17 - INFO - ======================================================================
2026-01-20 20:40:17 - INFO - CHK_1B - Date Validity
2026-01-20 20:40:17 - INFO - ======================================================================
2026-01-20 20:40:17 - INFO - ======================================================================
2026-01-20 20:40:17 - INFO - CHK_2A - Previous Month Comparison
2026-01-20 20:40:17 - INFO - ======================================================================
2026-01-20 20:40:17 - INFO - ======================================================================
2026-01-20 20:40:17 - INFO - CHK_2B - Exposure Profile Check
2026-01-20 20:40:17 - INFO - ======================================================================
2026-01-20 20:40:17 - INFO - ======================================================================
2026-01-20 20:40:17 - INFO - CHK_3 - Within-Month Combinations
2026-01-20 20:40:17 - INFO - ======================================================================
2026-01-20 20:40:17 - INFO - Log directory created: log\20260120_204017_acd3531c
2026-01-20 20:40:17 - INFO - ======================================================================
2026-01-20 20:40:17 - INFO - Disclosure Report K.303 Validator
2026-01-20 20:40:17 - INFO - ======================================================================
2026-01-20 20:40:17 - INFO - Loading mutual funds list...
2026-01-20 20:40:17 - INFO - Loaded 2443 funds from mutual funds list
2026-01-20 20:40:17 - INFO - Found 540 funds for trustee: מזרחי טפחות חברה לנאמנות בע"מ
2026-01-20 20:40:17 - INFO - Loading current month disclosure report...
2026-01-20 20:40:17 - INFO - Detected CSV format for: disclosure_migdal_current_month.csv
2026-01-20 20:40:17 - INFO - Loaded 4098 rows from disclosure report (encoding: utf-8-sig): disclosure_migdal_current_month.csv
2026-01-20 20:40:17 - INFO - Loading previous month disclosure report...
