2026-01-22 19:42:18 - INFO - [CHK_2A] ======================================================================
2026-01-22 19:42:18 - INFO - [CHK_2A] CHK_2A - Previous Month Comparison
2026-01-22 19:42:18 - INFO - [CHK_2A] ======================================================================
2026-01-22 19:42:19 - INFO - [CHK_2A] Starting previous month comparison check
2026-01-22 19:42:19 - WARNING - [CHK_2A] Fund 1145952: Code 0601 added (now 0.20%)
2026-01-22 19:42:19 - WARNING - [CHK_2A] Fund 1146059: Code 010101 changed by 28.10% (-215.80% -> -187.70%)
2026-01-22 19:42:19 - WARNING - [CHK_2A] Fund 1146182: Code 0601 added (now 0.10%)
2026-01-22 19:42:19 - WARNING - [CHK_2A] Fund 1146372: Code 0501 added (now 1.50%)
2026-01-22 19:42:19 - WARNING - [CHK_2A] Fund 1146380: Code 010101 changed by 27.00% (287.00% -> 314.00%)
2026-01-22 19:42:19 - WARNING - [CHK_2A] Fund 1146380: Code 03010102 changed by 16.70% (87.10% -> 103.80%)
2026-01-22 19:42:19 - WARNING - [CHK_2A] Fund 1146380: Code 070101 changed by 16.70% (87.10% -> 103.80%)
2026-01-22 19:42:19 - WARNING - [CHK_2A] Fund 1146422: Code 0601 removed (was 0.50%)
2026-01-22 19:42:19 - WARNING - [CHK_2A] Fund 1146455: Code 03010102 changed by 11.80% (232.90% -> 244.70%)
2026-01-22 19:42:19 - WARNING - [CHK_2A] Fund 1146695: Code 010102 added (now 0.00%)
2026-01-22 19:42:19 - WARNING - [CHK_2A] Fund 1146695: Code 010211 added (now 0.00%)
2026-01-22 19:42:19 - WARNING - [CHK_2A] Fund 1146703: Code 0601 removed (was 0.00%)
2026-01-22 19:42:19 - WARNING - [CHK_2A] Fund 1146745: Code 010101 changed by 13.90% (-105.40% -> -119.30%)
2026-01-22 19:42:19 - WARNING - [CHK_2A] Fund 1146745: Code 03010102 changed by 81.40% (139.50% -> 220.90%)
2026-01-22 19:42:19 - WARNING - [CHK_2A] Fund 1146745: Code 070101 changed by 81.40% (139.50% -> 220.90%)
2026-01-22 19:42:19 - WARNING - [CHK_2A] Fund 1147263: Code 0502 added (now 0.70%)
2026-01-22 19:42:19 - WARNING - [CHK_2A] Fund 1161058: Code 010101 changed by 239.80% (-338.70% -> -98.90%)
2026-01-22 19:42:19 - WARNING - [CHK_2A] Fund 1161058: Code 03010102 changed by 229.90% (419.00% -> 189.10%)
2026-01-22 19:42:19 - WARNING - [CHK_2A] Fund 1161058: Code 0501 changed by 49.20% (18.50% -> -30.70%)
2026-01-22 19:42:19 - WARNING - [CHK_2A] Fund 1161058: Code 0502 added (now -0.40%)
2026-01-22 19:42:19 - WARNING - [CHK_2A] Fund 1161058: Code 0601 added (now 0.40%)
2026-01-22 19:42:19 - WARNING - [CHK_2A] Fund 1161058: Code 070101 changed by 229.90% (419.00% -> 189.10%)
2026-01-22 19:42:19 - WARNING - [CHK_2A] Fund 1161876: Code 03010102 changed by 16.80% (205.10% -> 188.30%)
2026-01-22 19:42:19 - WARNING - [CHK_2A] Fund 1161876: Code 0501 changed by 13.80% (2.00% -> 15.80%)
2026-01-22 19:42:19 - WARNING - [CHK_2A] Fund 1161876: Code 070101 changed by 16.20% (162.90% -> 146.70%)
2026-01-22 19:42:19 - WARNING - [CHK_2A] Fund 5119003: Code 010212 added (now 1.03%)
2026-01-22 19:42:19 - WARNING - [CHK_2A] Fund 5119003: Code 060202 added (now 10.25%)
2026-01-22 19:42:19 - WARNING - [CHK_2A] Fund 5122668: Code 03020101 added (now 5.13%)
2026-01-22 19:42:19 - WARNING - [CHK_2A] Fund 5122668: Code 070101 added (now 5.13%)
2026-01-22 19:42:19 - WARNING - [CHK_2A] Fund 5122957: Code 0502 removed (was 0.40%)
2026-01-22 19:42:19 - WARNING - [CHK_2A] Fund 5123476: Code 03010203 removed (was 0.16%)
2026-01-22 19:42:19 - WARNING - [CHK_2A] Fund 5131347: Code 0501 added (now -0.00%)
2026-01-22 19:42:19 - WARNING - [CHK_2A] Fund 5134929: Code 03020204 removed (was 1.10%)
2026-01-22 19:42:19 - WARNING - [CHK_2A] Fund 5134929: Code 0501 added (now -4.80%)
2026-01-22 19:42:19 - WARNING - [CHK_2A] Fund 5136064: Code 0501 changed by 15.90% (-2.00% -> 13.90%)
2026-01-22 19:42:19 - WARNING - [CHK_2A] Fund 5136064: Code 0502 changed by 13.70% (23.60% -> 9.90%)
2026-01-22 19:42:19 - WARNING - [CHK_2A] Fund 5139233: Code 010101 added (now 100.00%)
2026-01-22 19:42:19 - WARNING - [CHK_2A] Fund 5139233: Code 010102 removed (was 100.02%)
2026-01-22 19:42:19 - WARNING - [CHK_2A] Fund 5139233: Code 0502 added (now 0.09%)
2026-01-22 19:42:19 - WARNING - [CHK_2A] Fund 5139738: Code 010101 added (now 100.01%)
2026-01-22 19:42:19 - WARNING - [CHK_2A] Fund 5139738: Code 010102 changed by 98.87% (100.05% -> 1.18%)
2026-01-22 19:42:19 - WARNING - [CHK_2A] Fund 5139738: Code 0502 added (now 0.09%)
2026-01-22 19:42:19 - WARNING - [CHK_2A] Fund 5139738: Code 0601 added (now -1.08%)
2026-01-22 19:42:19 - WARNING - [CHK_2A] Fund 5141312: Code 010101 added (now 100.00%)
2026-01-22 19:42:19 - WARNING - [CHK_2A] Fund 5141312: Code 010102 removed (was 100.02%)
2026-01-22 19:42:19 - INFO - [CHK_2A] Previous month comparison completed: 45 exceptions
