2026-01-21 21:03:57 - INFO - [CHK_2A] ======================================================================
2026-01-21 21:03:57 - INFO - [CHK_2A] CHK_2A - Previous Month Comparison
2026-01-21 21:03:57 - INFO - [CHK_2A] ======================================================================
2026-01-21 21:03:59 - INFO - [CHK_2A] Starting previous month comparison check
2026-01-21 21:03:59 - WARNING - [CHK_2A] Fund 1150184: Code 0502 added (now 0.00%)
2026-01-21 21:03:59 - WARNING - [CHK_2A] Fund 1150283: Code 010101 changed by 29.99% (100.01% -> 130.00%)
2026-01-21 21:03:59 - WARNING - [CHK_2A] Fund 1150283: Code 0502 added (now 0.03%)
2026-01-21 21:03:59 - WARNING - [CHK_2A] Fund 1168723: Code 0601 removed (was 0.01%)
2026-01-21 21:03:59 - WARNING - [CHK_2A] Fund 1168723: Code 09 removed (was 0.00%)
2026-01-21 21:03:59 - WARNING - [CHK_2A] Fund 1168723: Code 10 removed (was 0.00%)
2026-01-21 21:03:59 - WARNING - [CHK_2A] Fund 1171321: Code 03010102 changed by 23.66% (47.17% -> 70.83%)
2026-01-21 21:03:59 - WARNING - [CHK_2A] Fund 1171321: Code 0501 changed by 24.43% (49.84% -> 25.41%)
2026-01-21 21:03:59 - WARNING - [CHK_2A] Fund 1171321: Code 070101 changed by 23.66% (47.17% -> 70.83%)
2026-01-21 21:03:59 - WARNING - [CHK_2A] Fund 1187079: Code 03010102 changed by 31.97% (48.76% -> 80.73%)
2026-01-21 21:03:59 - WARNING - [CHK_2A] Fund 1187079: Code 0501 changed by 58.97% (45.47% -> -13.50%)
2026-01-21 21:03:59 - WARNING - [CHK_2A] Fund 1187079: Code 0502 changed by 32.00% (2.32% -> 34.32%)
2026-01-21 21:03:59 - WARNING - [CHK_2A] Fund 1187079: Code 070101 changed by 31.97% (48.76% -> 80.73%)
2026-01-21 21:03:59 - WARNING - [CHK_2A] Fund 1188069: Code 0501 changed by 10.99% (14.57% -> 25.57%)
2026-01-21 21:03:59 - WARNING - [CHK_2A] Fund 1189810: Code 010213 added (now 100.04%)
2026-01-21 21:03:59 - WARNING - [CHK_2A] Fund 1189810: Code 010214 removed (was 99.10%)
2026-01-21 21:03:59 - WARNING - [CHK_2A] Fund 1189810: Code 0801 removed (was 0.00%)
2026-01-21 21:03:59 - WARNING - [CHK_2A] Fund 1189810: Code 080201 removed (was 0.00%)
2026-01-21 21:03:59 - WARNING - [CHK_2A] Fund 1189810: Code 080204 removed (was 0.00%)
2026-01-21 21:03:59 - WARNING - [CHK_2A] Fund 1189810: Code 09 removed (was 0.00%)
2026-01-21 21:03:59 - WARNING - [CHK_2A] Fund 1189810: Code 10 removed (was 0.00%)
2026-01-21 21:03:59 - WARNING - [CHK_2A] Fund 1189828: Code 010213 added (now 100.14%)
2026-01-21 21:03:59 - WARNING - [CHK_2A] Fund 1189828: Code 010214 removed (was 100.04%)
2026-01-21 21:03:59 - WARNING - [CHK_2A] Fund 1189828: Code 0801 removed (was 0.00%)
2026-01-21 21:03:59 - WARNING - [CHK_2A] Fund 1189828: Code 080201 removed (was 0.00%)
2026-01-21 21:03:59 - WARNING - [CHK_2A] Fund 1189828: Code 080204 removed (was 0.00%)
2026-01-21 21:03:59 - WARNING - [CHK_2A] Fund 1189828: Code 09 removed (was 0.00%)
2026-01-21 21:03:59 - WARNING - [CHK_2A] Fund 1189828: Code 10 removed (was 0.00%)
2026-01-21 21:03:59 - WARNING - [CHK_2A] Fund 1193044: Code 080205 removed (was 0.00%)
2026-01-21 21:03:59 - WARNING - [CHK_2A] Fund 1200195: Code 03010102 changed by 25.07% (40.45% -> 65.51%)
2026-01-21 21:03:59 - WARNING - [CHK_2A] Fund 1200195: Code 070101 changed by 25.07% (40.45% -> 65.51%)
2026-01-21 21:03:59 - WARNING - [CHK_2A] Fund 1200351: Code 010201 removed (was 0.51%)
2026-01-21 21:03:59 - WARNING - [CHK_2A] Fund 1201623: Code 0502 added (now 0.03%)
2026-01-21 21:03:59 - WARNING - [CHK_2A] Fund 1201623: Code 09 removed (was 0.00%)
2026-01-21 21:03:59 - WARNING - [CHK_2A] Fund 1201623: Code 10 removed (was 0.00%)
2026-01-21 21:03:59 - WARNING - [CHK_2A] Fund 1207901: Code 010207 removed (was 3.70%)
2026-01-21 21:03:59 - WARNING - [CHK_2A] Fund 1207901: Code 010209 removed (was 4.01%)
2026-01-21 21:03:59 - WARNING - [CHK_2A] Fund 1207901: Code 03010102 changed by 44.93% (15.50% -> 60.43%)
2026-01-21 21:03:59 - WARNING - [CHK_2A] Fund 1207901: Code 0501 changed by 17.32% (55.47% -> 38.15%)
2026-01-21 21:03:59 - WARNING - [CHK_2A] Fund 1207901: Code 070101 changed by 44.93% (15.50% -> 60.43%)
2026-01-21 21:03:59 - WARNING - [CHK_2A] Fund 1212794: Code 0502 added (now 0.02%)
2026-01-21 21:03:59 - WARNING - [CHK_2A] Fund 1212794: Code 09 removed (was 0.00%)
2026-01-21 21:03:59 - WARNING - [CHK_2A] Fund 1212794: Code 10 removed (was 0.00%)
2026-01-21 21:03:59 - WARNING - [CHK_2A] Fund 1217561: Code 010211 removed (was 0.60%)
2026-01-21 21:03:59 - WARNING - [CHK_2A] Fund 1217561: Code 03010102 changed by 18.19% (80.76% -> 98.95%)
2026-01-21 21:03:59 - WARNING - [CHK_2A] Fund 1217561: Code 0501 changed by 15.50% (18.52% -> 3.02%)
2026-01-21 21:03:59 - WARNING - [CHK_2A] Fund 1217561: Code 070101 changed by 18.19% (80.76% -> 98.95%)
2026-01-21 21:03:59 - WARNING - [CHK_2A] Fund 1221670: Code 0501 changed by 12.31% (12.66% -> 0.35%)
2026-01-21 21:03:59 - WARNING - [CHK_2A] Fund 5121843: Code 010207 changed by 20.45% (100.04% -> 79.60%)
2026-01-21 21:03:59 - WARNING - [CHK_2A] Fund 5121843: Code 010208 added (now 20.33%)
2026-01-21 21:03:59 - WARNING - [CHK_2A] Fund 5121843: Code 03010102 changed by 11.54% (64.83% -> 76.36%)
2026-01-21 21:03:59 - WARNING - [CHK_2A] Fund 5121843: Code 0501 changed by 26.03% (34.08% -> 8.05%)
2026-01-21 21:03:59 - WARNING - [CHK_2A] Fund 5121843: Code 0502 changed by 13.17% (1.10% -> 14.27%)
2026-01-21 21:03:59 - WARNING - [CHK_2A] Fund 5121843: Code 070101 changed by 11.54% (64.83% -> 76.36%)
2026-01-21 21:03:59 - WARNING - [CHK_2A] Fund 5122163: Code 010207 changed by 38.19% (99.93% -> 61.74%)
2026-01-21 21:03:59 - WARNING - [CHK_2A] Fund 5122163: Code 010208 added (now 38.26%)
2026-01-21 21:03:59 - WARNING - [CHK_2A] Fund 5122163: Code 03010102 changed by 13.00% (58.76% -> 71.76%)
2026-01-21 21:03:59 - WARNING - [CHK_2A] Fund 5122163: Code 0501 changed by 12.84% (40.65% -> 27.81%)
2026-01-21 21:03:59 - WARNING - [CHK_2A] Fund 5122163: Code 070101 changed by 13.00% (58.76% -> 71.76%)
2026-01-21 21:03:59 - WARNING - [CHK_2A] Fund 5122627: Code 0801 removed (was 0.00%)
2026-01-21 21:03:59 - WARNING - [CHK_2A] Fund 5122627: Code 080201 removed (was 0.00%)
2026-01-21 21:03:59 - WARNING - [CHK_2A] Fund 5122627: Code 080204 removed (was 0.00%)
2026-01-21 21:03:59 - WARNING - [CHK_2A] Fund 5122627: Code 09 removed (was 0.00%)
2026-01-21 21:03:59 - WARNING - [CHK_2A] Fund 5122627: Code 10 removed (was 0.00%)
2026-01-21 21:03:59 - WARNING - [CHK_2A] Fund 5123260: Code 080205 removed (was 0.00%)
2026-01-21 21:03:59 - WARNING - [CHK_2A] Fund 5123369: Code 0501 added (now -0.05%)
2026-01-21 21:03:59 - WARNING - [CHK_2A] Fund 5129887: Code 0502 added (now 0.01%)
2026-01-21 21:03:59 - WARNING - [CHK_2A] Fund 5131727: Code 080205 removed (was 0.00%)
2026-01-21 21:03:59 - WARNING - [CHK_2A] Fund 5133897: Code 03010102 changed by 11.54% (82.94% -> 94.48%)
2026-01-21 21:03:59 - WARNING - [CHK_2A] Fund 5133897: Code 0501 changed by 11.54% (14.55% -> 3.01%)
2026-01-21 21:03:59 - WARNING - [CHK_2A] Fund 5133897: Code 070101 changed by 11.54% (82.94% -> 94.48%)
2026-01-21 21:03:59 - WARNING - [CHK_2A] Fund 5134135: Code 03010102 changed by 26.81% (85.97% -> 59.15%)
2026-01-21 21:03:59 - WARNING - [CHK_2A] Fund 5134135: Code 0501 changed by 30.08% (11.17% -> 41.25%)
2026-01-21 21:03:59 - WARNING - [CHK_2A] Fund 5134135: Code 070101 changed by 26.81% (85.97% -> 59.15%)
2026-01-21 21:03:59 - WARNING - [CHK_2A] Fund 5134713: Code 010102 added (now 0.00%)
2026-01-21 21:03:59 - WARNING - [CHK_2A] Fund 5134713: Code 0502 added (now 0.01%)
2026-01-21 21:03:59 - WARNING - [CHK_2A] Fund 5134796: Code 03010201 changed by 10.83% (39.38% -> 50.21%)
2026-01-21 21:03:59 - WARNING - [CHK_2A] Fund 5134796: Code 03010202 changed by 10.15% (60.66% -> 50.51%)
2026-01-21 21:03:59 - WARNING - [CHK_2A] Fund 5135603: Code 0502 removed (was -1.26%)
2026-01-21 21:03:59 - WARNING - [CHK_2A] Fund 5135942: Code 03010102 removed (was 78.72%)
2026-01-21 21:03:59 - WARNING - [CHK_2A] Fund 5135942: Code 03010201 changed by 41.90% (17.04% -> 58.94%)
2026-01-21 21:03:59 - WARNING - [CHK_2A] Fund 5135942: Code 03010202 changed by 40.93% (4.24% -> 45.17%)
2026-01-21 21:03:59 - WARNING - [CHK_2A] Fund 5135942: Code 070101 changed by 35.03% (83.67% -> 48.64%)
2026-01-21 21:03:59 - WARNING - [CHK_2A] Fund 5135942: Code 070102 changed by 39.14% (16.33% -> 55.47%)
2026-01-21 21:03:59 - WARNING - [CHK_2A] Fund 5135942: Code 080201 removed (was 0.00%)
2026-01-21 21:03:59 - WARNING - [CHK_2A] Fund 5135983: Code 03010203 added (now 0.00%)
2026-01-21 21:03:59 - WARNING - [CHK_2A] Fund 5135983: Code 0501 changed by 11.43% (50.81% -> 39.38%)
2026-01-21 21:03:59 - WARNING - [CHK_2A] Fund 5135983: Code 080204 added (now 0.00%)
2026-01-21 21:03:59 - WARNING - [CHK_2A] Fund 5137773: Code 0501 changed by 73.02% (-0.66% -> 72.36%)
2026-01-21 21:03:59 - WARNING - [CHK_2A] Fund 5137773: Code 0502 changed by 72.71% (0.20% -> -72.51%)
2026-01-21 21:03:59 - WARNING - [CHK_2A] Fund 5138151: Code 03010102 changed by 14.91% (48.27% -> 63.17%)
2026-01-21 21:03:59 - WARNING - [CHK_2A] Fund 5138151: Code 0501 changed by 13.40% (48.03% -> 34.62%)
2026-01-21 21:03:59 - WARNING - [CHK_2A] Fund 5138151: Code 0502 removed (was 0.03%)
2026-01-21 21:03:59 - WARNING - [CHK_2A] Fund 5138151: Code 070101 changed by 14.91% (48.27% -> 63.17%)
2026-01-21 21:03:59 - WARNING - [CHK_2A] Fund 5138201: Code 03010102 changed by 17.57% (47.33% -> 64.91%)
2026-01-21 21:03:59 - WARNING - [CHK_2A] Fund 5138201: Code 0501 changed by 17.13% (52.30% -> 35.17%)
2026-01-21 21:03:59 - WARNING - [CHK_2A] Fund 5138201: Code 070101 changed by 17.57% (47.33% -> 64.91%)
2026-01-21 21:03:59 - WARNING - [CHK_2A] Fund 5138284: Code 070101 changed by 10.61% (20.37% -> 9.76%)
2026-01-21 21:03:59 - WARNING - [CHK_2A] Fund 5138284: Code 070102 changed by 10.10% (78.72% -> 88.82%)
2026-01-21 21:03:59 - WARNING - [CHK_2A] Fund 5138474: Code 03010102 changed by 18.92% (59.45% -> 78.37%)
2026-01-21 21:03:59 - WARNING - [CHK_2A] Fund 5138474: Code 0501 changed by 18.98% (39.00% -> 20.02%)
2026-01-21 21:03:59 - WARNING - [CHK_2A] Fund 5138474: Code 070101 changed by 18.92% (59.45% -> 78.37%)
2026-01-21 21:03:59 - WARNING - [CHK_2A] Fund 5139365: Code 0502 added (now 0.02%)
2026-01-21 21:03:59 - WARNING - [CHK_2A] Fund 5139365: Code 09 removed (was 0.00%)
2026-01-21 21:03:59 - WARNING - [CHK_2A] Fund 5139365: Code 10 removed (was 0.00%)
2026-01-21 21:03:59 - WARNING - [CHK_2A] Fund 5140157: Code 0502 added (now 0.09%)
2026-01-21 21:03:59 - WARNING - [CHK_2A] Fund 5140157: Code 0601 added (now 0.09%)
2026-01-21 21:03:59 - WARNING - [CHK_2A] Fund 5140165: Code 03010102 changed by 15.53% (63.87% -> 48.34%)
2026-01-21 21:03:59 - WARNING - [CHK_2A] Fund 5140165: Code 0501 changed by 17.19% (34.43% -> 51.62%)
2026-01-21 21:03:59 - WARNING - [CHK_2A] Fund 5140165: Code 070101 changed by 15.53% (63.87% -> 48.34%)
2026-01-21 21:03:59 - WARNING - [CHK_2A] Fund 5140199: Code 0502 added (now 0.02%)
2026-01-21 21:03:59 - WARNING - [CHK_2A] Fund 5140199: Code 0601 added (now 0.02%)
2026-01-21 21:03:59 - WARNING - [CHK_2A] Fund 5140199: Code 09 removed (was 0.00%)
2026-01-21 21:03:59 - WARNING - [CHK_2A] Fund 5140199: Code 10 removed (was 0.00%)
2026-01-21 21:03:59 - WARNING - [CHK_2A] Fund 5140447: Code 0501 added (now 0.02%)
2026-01-21 21:03:59 - WARNING - [CHK_2A] Fund 5140595: Code 0502 added (now 0.70%)
2026-01-21 21:03:59 - WARNING - [CHK_2A] Fund 5141072: Code 010101 added (now 99.99%)
2026-01-21 21:03:59 - WARNING - [CHK_2A] Fund 5141072: Code 0501 added (now 0.01%)
2026-01-21 21:03:59 - WARNING - [CHK_2A] Fund 5141114: Code 03010102 changed by 12.01% (82.01% -> 94.02%)
2026-01-21 21:03:59 - WARNING - [CHK_2A] Fund 5141114: Code 0501 changed by 12.37% (17.53% -> 5.16%)
2026-01-21 21:03:59 - WARNING - [CHK_2A] Fund 5141114: Code 070101 changed by 12.01% (82.01% -> 94.02%)
2026-01-21 21:03:59 - WARNING - [CHK_2A] Fund 5141213: Code 0501 changed by 10.12% (17.20% -> 7.09%)
2026-01-21 21:03:59 - WARNING - [CHK_2A] Fund 5141262: Code 010101 added (now 39.61%)
2026-01-21 21:03:59 - WARNING - [CHK_2A] Fund 5141262: Code 010201 added (now 62.28%)
2026-01-21 21:03:59 - WARNING - [CHK_2A] Fund 5141262: Code 0501 added (now -1.69%)
2026-01-21 21:03:59 - WARNING - [CHK_2A] Fund 5141262: Code 0502 added (now -0.25%)
2026-01-21 21:03:59 - WARNING - [CHK_2A] Fund 5141262: Code 0601 added (now -0.34%)
2026-01-21 21:03:59 - WARNING - [CHK_2A] Fund 5141759: Code 010101 added (now 49.74%)
2026-01-21 21:03:59 - WARNING - [CHK_2A] Fund 5141759: Code 010201 added (now 49.37%)
2026-01-21 21:03:59 - WARNING - [CHK_2A] Fund 5141759: Code 0501 added (now 50.13%)
2026-01-21 21:03:59 - WARNING - [CHK_2A] Fund 5141759: Code 0502 added (now -0.02%)
2026-01-21 21:03:59 - WARNING - [CHK_2A] Fund 5141759: Code 0601 added (now 1.12%)
2026-01-21 21:03:59 - WARNING - [CHK_2A] Fund 5141916: Code 010101 added (now 96.47%)
2026-01-21 21:03:59 - WARNING - [CHK_2A] Fund 5141916: Code 010102 added (now 2.46%)
2026-01-21 21:03:59 - WARNING - [CHK_2A] Fund 5141916: Code 0501 added (now 1.06%)
2026-01-21 21:03:59 - WARNING - [CHK_2A] Fund 5141924: Code 010101 added (now 98.90%)
2026-01-21 21:03:59 - WARNING - [CHK_2A] Fund 5141924: Code 0501 added (now 1.10%)
2026-01-21 21:03:59 - INFO - [CHK_2A] Previous month comparison completed: 137 exceptions
