2026-01-22 19:35:34 - INFO - ======================================================================
2026-01-22 19:35:34 - INFO - CHK_1A - Fund Completeness
2026-01-22 19:35:34 - INFO - ======================================================================
2026-01-22 19:35:34 - INFO - ======================================================================
2026-01-22 19:35:34 - INFO - CHK_1B - Date Validity
2026-01-22 19:35:34 - INFO - ======================================================================
2026-01-22 19:35:34 - INFO - ======================================================================
2026-01-22 19:35:34 - INFO - CHK_2A - Previous Month Comparison
2026-01-22 19:35:34 - INFO - ======================================================================
2026-01-22 19:35:34 - INFO - ======================================================================
2026-01-22 19:35:34 - INFO - CHK_2B - Exposure Profile Check
2026-01-22 19:35:34 - INFO - ======================================================================
2026-01-22 19:35:34 - INFO - ======================================================================
2026-01-22 19:35:34 - INFO - CHK_3 - Within-Month Combinations
2026-01-22 19:35:34 - INFO - ======================================================================
2026-01-22 19:35:34 - INFO - Log directory created: log\20260122_193534_1d00981a
2026-01-22 19:35:34 - INFO - ======================================================================
2026-01-22 19:35:34 - INFO - Disclosure Report K.303 Validator
2026-01-22 19:35:34 - INFO - ======================================================================
2026-01-22 19:35:34 - INFO - Loading mutual funds list...
2026-01-22 19:35:34 - INFO - Loaded 2443 funds from mutual funds list
2026-01-22 19:35:34 - INFO - Found 540 funds for trustee: מזרחי טפחות חברה לנאמנות בע"מ
2026-01-22 19:35:34 - INFO - Loading current month disclosure report...
2026-01-22 19:35:34 - INFO - Detected XLSX format for: xnes1225.xlsx
2026-01-22 19:35:34 - INFO - Loaded 5322 rows from disclosure report (XLSX): xnes1225.xlsx
2026-01-22 19:35:34 - INFO - Loading previous month disclosure report...
2026-01-22 19:35:34 - INFO - Detected XLSX format for: xnes1125.xlsx
2026-01-22 19:35:35 - INFO - Loaded 5279 rows from disclosure report (XLSX): xnes1125.xlsx
2026-01-22 19:35:35 - INFO - Report month: 2025-12
2026-01-22 19:35:35 - INFO - Running validation checks...
2026-01-22 19:35:35 - INFO - Starting fund completeness check
2026-01-22 19:35:35 - WARNING - Fund 1143700 (תכלית סל (40) ת"א 35) is in mutual funds list but missing from report
2026-01-22 19:35:35 - WARNING - Fund 1148899 (הראל סל (4A) ת"א 125) is in mutual funds list but missing from report
2026-01-22 19:35:35 - WARNING - Fund 1148931 (הראל סל (4A) ת"א 90) is in mutual funds list but missing from report
2026-01-22 19:35:35 - WARNING - Fund 1149970 (הראל סל (4A) ‏S&P 500 Equal Weight מנוטרלת מט"ח) is in mutual funds list but missing from report
2026-01-22 19:35:35 - WARNING - Fund 1150184 (MTF סל (4A) ת"א 35) is in mutual funds list but missing from report
2026-01-22 19:35:35 - WARNING - Fund 1150283 (MTF סל (4A) ת"א 125) is in mutual funds list but missing from report
2026-01-22 19:35:35 - WARNING - Fund 1150440 (הראל סל (00) תל בונד 20 צמודות) is in mutual funds list but missing from report
2026-01-22 19:35:35 - WARNING - Fund 1150473 (הראל סל (00) תל בונד 60 צמודות) is in mutual funds list but missing from report
2026-01-22 19:35:35 - WARNING - Fund 1150499 (הראל סל (00) תל בונד 40 צמודות) is in mutual funds list but missing from report
2026-01-22 19:35:35 - WARNING - Fund 1150523 (הראל סל (00) תל בונד שקלי) is in mutual funds list but missing from report
2026-01-22 19:35:35 - WARNING - Fund 1150739 (הראל סל (00)(!) תל בונד גלובל שקלי) is in mutual funds list but missing from report
2026-01-22 19:35:35 - WARNING - Fund 1150747 (הראל סל (00) תל בונד שקלי-בנקים וביטוח) is in mutual funds list but missing from report
2026-01-22 19:35:35 - WARNING - Fund 1155092 (הראל סל (00) כשרה תל בונד 60 צמודות) is in mutual funds list but missing from report
2026-01-22 19:35:35 - WARNING - Fund 1155191 (הראל סל (00) כשרה תל בונד שקלי) is in mutual funds list but missing from report
2026-01-22 19:35:35 - WARNING - Fund 1155340 (הראל סל (4A) כשרה ת"א 125) is in mutual funds list but missing from report
2026-01-22 19:35:35 - WARNING - Fund 1159714 (MTF סל (4A) כשרה ת"א-125) is in mutual funds list but missing from report
2026-01-22 19:35:35 - WARNING - Fund 1161827 (הראל סל (4A) ת"א טכנולוגיה) is in mutual funds list but missing from report
2026-01-22 19:35:35 - WARNING - Fund 1162361 (MTF סל (00) אינדקס אג"ח בנקים וביטוח - רובד 2) is in mutual funds list but missing from report
2026-01-22 19:35:35 - WARNING - Fund 1166172 (הראל סל (4A) כשרה ת"א 90) is in mutual funds list but missing from report
2026-01-22 19:35:35 - WARNING - Fund 1167568 (הראל סל (6A) ממונפת NASDAQ 100 פי 3 חודשי מנוטרלת מט"ח) is in mutual funds list but missing from report
2026-01-22 19:35:35 - WARNING - Fund 1167576 (הראל סל (6D) ממונפת בחסר NASDAQ 100 פי 2 חודשי) is in mutual funds list but missing from report
2026-01-22 19:35:35 - WARNING - Fund 1168723 (MTF סל (4A) אינדקס אנרגיה מתחדשת ישראל) is in mutual funds list but missing from report
2026-01-22 19:35:35 - WARNING - Fund 1169622 (הראל סל (0A) תל בונד מאגר) is in mutual funds list but missing from report
2026-01-22 19:35:35 - WARNING - Fund 1171321 (MTF סל (4D) אינדקס Shopping Centers REIT) is in mutual funds list but missing from report
2026-01-22 19:35:35 - WARNING - Fund 1184092 (הראל סל (4A)יS&P North American Expanded Tech Software מנוטרלת מט``ח) is in mutual funds list but missing from report
2026-01-22 19:35:35 - WARNING - Fund 1187079 (MTF סל (6D) ממונפת Nasdaq 100 פי 3 חודשי) is in mutual funds list but missing from report
2026-01-22 19:35:35 - WARNING - Fund 1188069 (MTF סל (6D) ממונפת בחסר Nasdaq 100  פי 2 חודשי) is in mutual funds list but missing from report
2026-01-22 19:35:35 - WARNING - Fund 1189810 (MTF סל (4D) אינדקס צמיחה עולמי) is in mutual funds list but missing from report
2026-01-22 19:35:35 - WARNING - Fund 1189828 (MTF סל (4D) אינדקס ערך עולמי) is in mutual funds list but missing from report
2026-01-22 19:35:35 - WARNING - Fund 1190685 (הראל סל (4A) אינדקס ישראל 100 רווחיות משקל שווה) is in mutual funds list but missing from report
2026-01-22 19:35:35 - WARNING - Fund 1190859 (הראל סל (4D) אינדקס מומנטום ארה"ב) is in mutual funds list but missing from report
2026-01-22 19:35:35 - WARNING - Fund 1193044 (MTF סל (00) תל בונד-שקלי 5-15) is in mutual funds list but missing from report
2026-01-22 19:35:35 - WARNING - Fund 1193051 (MTF סל (00) תל בונד-שקלי 1-3‏) is in mutual funds list but missing from report
2026-01-22 19:35:35 - WARNING - Fund 1193135 (MTF סל (00) תל בונד-צמודות 5-15) is in mutual funds list but missing from report
2026-01-22 19:35:35 - WARNING - Fund 1193317 (MTF סל (0A) תל בונד-מאגר) is in mutual funds list but missing from report
2026-01-22 19:35:35 - WARNING - Fund 1194315 (אימפקט (6F) לונג/שורט - קרן גידור בנאמנות) is in mutual funds list but missing from report
2026-01-22 19:35:35 - WARNING - Fund 1194323 (פסטרנק שהם (6F) לונג/שורט - קרן גידור בנאמנות) is in mutual funds list but missing from report
2026-01-22 19:35:35 - WARNING - Fund 1194356 (אנליסט (5D) נדל"ן ישראל - חו"ל Multi Strategy- קרן גידור בנאמנות) is in mutual funds list but missing from report
2026-01-22 19:35:35 - WARNING - Fund 1194364 (אנליסט (6D) מניות Multi Strategy- קרן גידור בנאמנות) is in mutual funds list but missing from report
2026-01-22 19:35:35 - WARNING - Fund 1200195 (MTF סל (4D) אינדקס Top10 Tech) is in mutual funds list but missing from report
2026-01-22 19:35:35 - WARNING - Fund 1200351 (MTF סל (Indxx US Healthcare Top 10 (4D) is in mutual funds list but missing from report
2026-01-22 19:35:35 - WARNING - Fund 1200435 (אי.בי.אי. סל (4A)י 500 S&P מנוטרלת מט"ח) is in mutual funds list but missing from report
2026-01-22 19:35:35 - WARNING - Fund 1200443 (אי.בי.אי. סל (4A)י Nasdaq 100 מנוטרלת מט"ח) is in mutual funds list but missing from report
2026-01-22 19:35:35 - WARNING - Fund 1200450 (אי.בי.אי. סל (4D)י Nasdaq 100) is in mutual funds list but missing from report
2026-01-22 19:35:35 - WARNING - Fund 1201623 (MTF סל (4A) אינדקס 120 ישראל) is in mutual funds list but missing from report
2026-01-22 19:35:35 - WARNING - Fund 1207646 (פורצ`ן (6F)י Multi-Strategy - קרן גידור בנאמנות) is in mutual funds list but missing from report
2026-01-22 19:35:35 - WARNING - Fund 1207901 (MTF סל (4D) אינדקס שבבים ארה"ב Top10) is in mutual funds list but missing from report
2026-01-22 19:35:35 - WARNING - Fund 1210871 (הראל סל (0D)י S&P U.S. Treasury Bond 5-7 Year) is in mutual funds list but missing from report
2026-01-22 19:35:35 - WARNING - Fund 1212521 (פסטרנק שהם (2D)(!) אסטרטגיות אג"ח - קרן גידור בנאמנות) is in mutual funds list but missing from report
2026-01-22 19:35:35 - WARNING - Fund 1212794 (MTF סל S&P Israel 100 (ILS) (4A)) is in mutual funds list but missing from report
2026-01-22 19:35:35 - WARNING - Fund 1213594 (הראל סל (4A) ת"א 90 ובנקים) is in mutual funds list but missing from report
2026-01-22 19:35:35 - WARNING - Fund 1217561 (MTF סל (4D) אינדקס US Top10 Pure Cyber Security) is in mutual funds list but missing from report
2026-01-22 19:35:35 - WARNING - Fund 1218916 (ATF סל (4D)י S&P 500) is in mutual funds list but missing from report
2026-01-22 19:35:35 - WARNING - Fund 1218924 (ATF סל (4A)י S&P 500 מנוטרלת מט"ח) is in mutual funds list but missing from report
2026-01-22 19:35:35 - WARNING - Fund 1219294 (MTF סל (0D) אינדקס אג"ח ממשלת ארה"ב - מח"מ 10 קבוע) is in mutual funds list but missing from report
2026-01-22 19:35:35 - WARNING - Fund 1220391 (הראל סל (4D)י (CME CF Bitcoin Reference Rate (BRRNY) is in mutual funds list but missing from report
2026-01-22 19:35:35 - WARNING - Fund 1221670 (MTF סל (Indxx Top 10 US Oil Industry (4D) is in mutual funds list but missing from report
2026-01-22 19:35:35 - WARNING - Fund 1222439 (MTF סל (Indxx Top 10 Europe Defense (4D מנוטרלת אירו) is in mutual funds list but missing from report
2026-01-22 19:35:35 - WARNING - Fund 5100383 (מיטב (0B) מדורגות A ומעלה) is in mutual funds list but missing from report
2026-01-22 19:35:35 - WARNING - Fund 5101019 (מיטב (4D) מניות טכנולוגיה חו"ל) is in mutual funds list but missing from report
2026-01-22 19:35:35 - WARNING - Fund 5101092 (אנליסט (4D) טכנולוגיות חו"ל) is in mutual funds list but missing from report
2026-01-22 19:35:35 - WARNING - Fund 5101258 (אנליסט (4B) מניות ישראל Large & mid cap) is in mutual funds list but missing from report
2026-01-22 19:35:35 - WARNING - Fund 5101266 (אנליסט (4B) נדל"ן) is in mutual funds list but missing from report
2026-01-22 19:35:35 - WARNING - Fund 5101639 (אנליסט (4D) השקעות) is in mutual funds list but missing from report
2026-01-22 19:35:35 - WARNING - Fund 5102256 (מיטב (4D) מניות ארה"ב) is in mutual funds list but missing from report
2026-01-22 19:35:35 - WARNING - Fund 5102371 (הראל (0D) אג"ח דולר בינלאומי) is in mutual funds list but missing from report
2026-01-22 19:35:35 - WARNING - Fund 5103296 (מיטב (4A) מניות ת"א MID CAP) is in mutual funds list but missing from report
2026-01-22 19:35:35 - WARNING - Fund 5104153 (מיטב (4B) מניות ישראל) is in mutual funds list but missing from report
2026-01-22 19:35:35 - WARNING - Fund 5104237 (אנליסט (0D)(!) אג"ח חו"ל ללא מניות) is in mutual funds list but missing from report
2026-01-22 19:35:35 - WARNING - Fund 5104328 (אנליסט (5C) אסטרטגיות) is in mutual funds list but missing from report
2026-01-22 19:35:35 - WARNING - Fund 5105390 (הראל (0D)(!) אג"ח עולמי) is in mutual funds list but missing from report
2026-01-22 19:35:35 - WARNING - Fund 5105580 (מיטב (2B) עוקבת תיק 2 הבנק הבינלאומי) is in mutual funds list but missing from report
2026-01-22 19:35:35 - WARNING - Fund 5105929 (אנליסט (4D) מניות ארה"ב) is in mutual funds list but missing from report
2026-01-22 19:35:35 - WARNING - Fund 5106158 (איילון (0B) אג"ח חברות ללא מניות) is in mutual funds list but missing from report
2026-01-22 19:35:35 - WARNING - Fund 5106885 (הראל (4D) מניות חו"ל) is in mutual funds list but missing from report
2026-01-22 19:35:35 - WARNING - Fund 5106992 (מיטב (0B)(!) הזדמנויות אג"ח בסיכון גבוה) is in mutual funds list but missing from report
2026-01-22 19:35:35 - WARNING - Fund 5107156 (הראל (0C) קונצרני A ומעלה) is in mutual funds list but missing from report
2026-01-22 19:35:35 - WARNING - Fund 5107503 (הראל (1A) קונצרני שקלי + 10%) is in mutual funds list but missing from report
2026-01-22 19:35:35 - WARNING - Fund 5107859 (הראל (2B) אג"ח מדורג ומניות) is in mutual funds list but missing from report
2026-01-22 19:35:35 - WARNING - Fund 5108006 (הראל (4B) שווקים מפותחים עד 30% מט"ח) is in mutual funds list but missing from report
2026-01-22 19:35:35 - WARNING - Fund 5109608 (איילון (1B)(!) אג"ח + 10%) is in mutual funds list but missing from report
2026-01-22 19:35:35 - WARNING - Fund 5110051 (הראל (4B) ת"א-Midcap150) is in mutual funds list but missing from report
2026-01-22 19:35:35 - WARNING - Fund 5110192 (הראל (1B) מדד בינוני ממשלתי) is in mutual funds list but missing from report
2026-01-22 19:35:35 - WARNING - Fund 5110341 (הראל (0D) כספית נקובה ב-$) is in mutual funds list but missing from report
2026-01-22 19:35:35 - WARNING - Fund 5110523 (אנליסט (0B)(!) אג"ח) is in mutual funds list but missing from report
2026-01-22 19:35:35 - WARNING - Fund 5110929 (הראל (1B)(!) תיק אג"ח פלוס 10%) is in mutual funds list but missing from report
2026-01-22 19:35:35 - WARNING - Fund 5111307 (מיטב (2A) מדינה + 20%) is in mutual funds list but missing from report
2026-01-22 19:35:35 - WARNING - Fund 5111992 (הראל (1A) נכסים סולידיים) is in mutual funds list but missing from report
2026-01-22 19:35:35 - WARNING - Fund 5112560 (הראל (0B) תיק מדינה) is in mutual funds list but missing from report
2026-01-22 19:35:35 - WARNING - Fund 5112586 (הראל מחקה (2A) משולבת אג"ח ישראל (90%) מניות ישראל-חול (10%) חודשי) is in mutual funds list but missing from report
2026-01-22 19:35:35 - WARNING - Fund 5113121 (הראל מחקה (00) משולבת מדינה חודשי) is in mutual funds list but missing from report
2026-01-22 19:35:35 - WARNING - Fund 5113618 (מיטב (4A) מניות צמיחה) is in mutual funds list but missing from report
2026-01-22 19:35:35 - WARNING - Fund 5113709 (אנליסט (2B) עוקבת תיק 2 הבנק הבינלאומי) is in mutual funds list but missing from report
2026-01-22 19:35:35 - WARNING - Fund 5113782 (הראל (1D)(!) בונד + 10% - נקוב $ אגד חוץ) is in mutual funds list but missing from report
2026-01-22 19:35:35 - WARNING - Fund 5113956 (מיטב (1B) אג"ח קונצרני + 10%) is in mutual funds list but missing from report
2026-01-22 19:35:35 - WARNING - Fund 5114079 (מיטב (2B) י30/70) is in mutual funds list but missing from report
2026-01-22 19:35:35 - WARNING - Fund 5114350 (אנליסט 10/90 (1A)) is in mutual funds list but missing from report
2026-01-22 19:35:35 - WARNING - Fund 5114434 (מיטב (0A) עוקבת תיק מרכיב הנזילות הבנק הבינלאומי) is in mutual funds list but missing from report
2026-01-22 19:35:35 - WARNING - Fund 5114640 (מיטב (1A)(!) קונצרני פלוס) is in mutual funds list but missing from report
2026-01-22 19:35:35 - WARNING - Fund 5114780 (מיטב (0B)(!) אג"ח ממשלתי) is in mutual funds list but missing from report
2026-01-22 19:35:35 - WARNING - Fund 5114939 (הראל מחקה (00) תל בונד צמודות-יתר) is in mutual funds list but missing from report
2026-01-22 19:35:35 - WARNING - Fund 5115027 (אנליסט (4B) מניות ת"א 125 במומנטום) is in mutual funds list but missing from report
2026-01-22 19:35:35 - WARNING - Fund 5115225 (אנליסט (00) שקלית קונצרנית ללא מניות) is in mutual funds list but missing from report
2026-01-22 19:35:35 - WARNING - Fund 5115290 (הראל 10/90 (1A) מחלקת) is in mutual funds list but missing from report
2026-01-22 19:35:35 - WARNING - Fund 5115506 (סיגמא (00)(!) מודל דירוג פנימי) is in mutual funds list but missing from report
2026-01-22 19:35:35 - WARNING - Fund 5115514 (סיגמא (2B) מדינה + 20%) is in mutual funds list but missing from report
2026-01-22 19:35:35 - WARNING - Fund 5115738 (הראל מחקה (2B) משולבת אג"ח ישראל (80%) מניות ישראל-חול (20%) חודשי) is in mutual funds list but missing from report
2026-01-22 19:35:35 - WARNING - Fund 5115803 (אנליסט (1A) ממשלתית תיק סולידי עד שנתיים) is in mutual funds list but missing from report
2026-01-22 19:35:35 - WARNING - Fund 5116033 (אנליסט (2B)י 20/80) is in mutual funds list but missing from report
2026-01-22 19:35:35 - WARNING - Fund 5116629 (FOREST (י0A)(!) אג"ח מדורג) is in mutual funds list but missing from report
2026-01-22 19:35:35 - WARNING - Fund 5116660 (הראל (2B) שנהב אג"ח) is in mutual funds list but missing from report
2026-01-22 19:35:35 - WARNING - Fund 5116736 (דיאמונד (4A) מניות ת"א 125) is in mutual funds list but missing from report
2026-01-22 19:35:35 - WARNING - Fund 5116785 (הראל מחקה (00) תל גוב-צמודות 5-10) is in mutual funds list but missing from report
2026-01-22 19:35:35 - WARNING - Fund 5116793 (הראל מחקה (00) משולבת אג"ח ישראל צמוד חודשי) is in mutual funds list but missing from report
2026-01-22 19:35:35 - WARNING - Fund 5116934 (אנליסט (0B) מודל דירוג פנימי) is in mutual funds list but missing from report
2026-01-22 19:35:35 - WARNING - Fund 5117007 (הראל מחקה (00) משולבת אג"ח ישראל שקלי חודשי) is in mutual funds list but missing from report
2026-01-22 19:35:35 - WARNING - Fund 5117239 (הראל (1B) תיק אג"ח סולידי + 10%) is in mutual funds list but missing from report
2026-01-22 19:35:35 - WARNING - Fund 5117247 (הראל מחקה (00) תל גוב-צמודות 2-5) is in mutual funds list but missing from report
2026-01-22 19:35:35 - WARNING - Fund 5117262 (הראל מחקה (00) תל גוב-שקלי 2-5) is in mutual funds list but missing from report
2026-01-22 19:35:35 - WARNING - Fund 5117270 (הראל מחקה (00) תל בונד 20 צמודות) is in mutual funds list but missing from report
2026-01-22 19:35:35 - WARNING - Fund 5117288 (הראל מחקה (00) תל בונד שקלי) is in mutual funds list but missing from report
2026-01-22 19:35:35 - WARNING - Fund 5117445 (Gse Spotי (0A) מחקר קונצרני) is in mutual funds list but missing from report
2026-01-22 19:35:35 - WARNING - Fund 5117460 (הראל (2B) תיק אג"ח + 15%) is in mutual funds list but missing from report
2026-01-22 19:35:35 - WARNING - Fund 5117650 (איילון (2C)י 25/75 כשרה) is in mutual funds list but missing from report
2026-01-22 19:35:35 - WARNING - Fund 5117668 (איילון (0B) תיק השקעות ללא מניות) is in mutual funds list but missing from report
2026-01-22 19:35:35 - WARNING - Fund 5117684 (איילון (6A) אקסטרים ת"א 125 פי 3) is in mutual funds list but missing from report
2026-01-22 19:35:35 - WARNING - Fund 5117692 (איילון (60) אקסטרים ת"א 35 פי 3) is in mutual funds list but missing from report
2026-01-22 19:35:35 - WARNING - Fund 5117700 (איילון (00) כספית) is in mutual funds list but missing from report
2026-01-22 19:35:35 - WARNING - Fund 5117734 (אימפקט (2B)י 20/80) is in mutual funds list but missing from report
2026-01-22 19:35:35 - WARNING - Fund 5117742 (איילון (4B) משקל שווה ת"א 35) is in mutual funds list but missing from report
2026-01-22 19:35:35 - WARNING - Fund 5117759 (איילון (6D) אקסטרים 500 S&P פי 3) is in mutual funds list but missing from report
2026-01-22 19:35:35 - WARNING - Fund 5117809 (איילון (0F) אקסטרים דולר פי 3) is in mutual funds list but missing from report
2026-01-22 19:35:35 - WARNING - Fund 5118419 (הראל מחקה (4D)י S&P 500 נקובה ב-$) is in mutual funds list but missing from report
2026-01-22 19:35:35 - WARNING - Fund 5119144 (אנליסט (4D) מניות חו"ל) is in mutual funds list but missing from report
2026-01-22 19:35:35 - WARNING - Fund 5119359 (מיטב (1A)י 5/95) is in mutual funds list but missing from report
2026-01-22 19:35:35 - WARNING - Fund 5119367 (מיטב (1B) אג"ח פלוס) is in mutual funds list but missing from report
2026-01-22 19:35:35 - WARNING - Fund 5119409 (הראל (00) כספית שקלית) is in mutual funds list but missing from report
2026-01-22 19:35:35 - WARNING - Fund 5119607 (אנליסט (00) אג"ח מדינה עד 5 שנים ללא מניות) is in mutual funds list but missing from report
2026-01-22 19:35:35 - WARNING - Fund 5119672 (אנליסט (0A)(!) אג"ח פיזור רחב ללא מניות) is in mutual funds list but missing from report
2026-01-22 19:35:35 - WARNING - Fund 5119763 (הראל מחקה (2A) משולבת מדינה (90%) מניות ישראל-חול (10%) חודשי) is in mutual funds list but missing from report
2026-01-22 19:35:35 - WARNING - Fund 5119854 (פרופאונד (4B) מנייתית) is in mutual funds list but missing from report
2026-01-22 19:35:35 - WARNING - Fund 5120225 (אימפקט (4B) מניות) is in mutual funds list but missing from report
2026-01-22 19:35:35 - WARNING - Fund 5120340 (הראל (0A) עוקבת מרכיב נזילות - הבנק הבינלאומי) is in mutual funds list but missing from report
2026-01-22 19:35:35 - WARNING - Fund 5120704 (סיגמא (0A)(!) תיק אג"ח ללא מניות) is in mutual funds list but missing from report
2026-01-22 19:35:35 - WARNING - Fund 5120720 (סיגמא (1B)(!) תיק אג"ח + 10%) is in mutual funds list but missing from report
2026-01-22 19:35:35 - WARNING - Fund 5120795 (אנליסט (4D) גמישה) is in mutual funds list but missing from report
2026-01-22 19:35:35 - WARNING - Fund 5120811 (אנליסט (4B) מניות) is in mutual funds list but missing from report
2026-01-22 19:35:35 - WARNING - Fund 5120837 (אנליסט (4B) תעשיות) is in mutual funds list but missing from report
2026-01-22 19:35:35 - WARNING - Fund 5120852 (אנליסט (00) כספית שקלית) is in mutual funds list but missing from report
2026-01-22 19:35:35 - WARNING - Fund 5120886 (מיטב (0B) סולידית) is in mutual funds list but missing from report
2026-01-22 19:35:35 - WARNING - Fund 5120894 (אנליסט (2C) אג"ח חברות + 30%) is in mutual funds list but missing from report
2026-01-22 19:35:35 - WARNING - Fund 5120902 (מיטב (2D) עוקבת תיק 2 חו"ל הבנק הבינלאומי) is in mutual funds list but missing from report
2026-01-22 19:35:35 - WARNING - Fund 5120910 (אנליסט (1C) אג"ח מדינה + 10%) is in mutual funds list but missing from report
2026-01-22 19:35:35 - WARNING - Fund 5121140 (אנליסט (00) כספית) is in mutual funds list but missing from report
2026-01-22 19:35:35 - WARNING - Fund 5121272 (מיטב (0B) מדינה) is in mutual funds list but missing from report
2026-01-22 19:35:35 - WARNING - Fund 5121686 (MTF מחקה‏ (00) תל גוב-צמודות 2-5) is in mutual funds list but missing from report
2026-01-22 19:35:35 - WARNING - Fund 5121694 (מיטב (1B)(!)י 10/90 תיק אג"ח חו"ל עד 30% מט"ח.) is in mutual funds list but missing from report
2026-01-22 19:35:35 - WARNING - Fund 5121736 (מיטב (4B) מניות חו"ל עד 30% מט"ח) is in mutual funds list but missing from report
2026-01-22 19:35:35 - WARNING - Fund 5121801 (הראל מחקה (2A) משולבת אג``ח ישראל (75%) מניות ישראל-חול (25%) חודשי מנוטרלת מט"ח) is in mutual funds list but missing from report
2026-01-22 19:35:35 - WARNING - Fund 5121819 (הראל מחקה (00) משולבת ממשלתיות חודשי) is in mutual funds list but missing from report
2026-01-22 19:35:35 - WARNING - Fund 5121835 (הראל מחקה (00) תל בונד 60 צמודות) is in mutual funds list but missing from report
2026-01-22 19:35:35 - WARNING - Fund 5121843 (MTF מחקה (STOXX Europe 600 (4D) is in mutual funds list but missing from report
2026-01-22 19:35:35 - WARNING - Fund 5122163 (MTF מחקה (STOXX Europe 600 (4A מנוטרלת מט"ח) is in mutual funds list but missing from report
2026-01-22 19:35:35 - WARNING - Fund 5122262 (MTF  מחקה (00) תל בונד 60 צמודות) is in mutual funds list but missing from report
2026-01-22 19:35:35 - WARNING - Fund 5122320 (MTF מחקה (00)(!) תל בונד תשואות שקל) is in mutual funds list but missing from report
2026-01-22 19:35:35 - WARNING - Fund 5122510 (הראל מחקה (4A) ת"א 125) is in mutual funds list but missing from report
2026-01-22 19:35:35 - WARNING - Fund 5122536 (אלפא טק (4D) אירופה E.S.G) is in mutual funds list but missing from report
2026-01-22 19:35:35 - WARNING - Fund 5122551 (הראל מחקה (00) All-Bond-ריבית משתנה שקלי) is in mutual funds list but missing from report
2026-01-22 19:35:35 - WARNING - Fund 5122601 (מיטב (2B)י 20/80) is in mutual funds list but missing from report
2026-01-22 19:35:35 - WARNING - Fund 5122619 (מיטב (0B) מדינה צמודה) is in mutual funds list but missing from report
2026-01-22 19:35:35 - WARNING - Fund 5122627 (MTF מחקה (S&P 500 (4D) is in mutual funds list but missing from report
2026-01-22 19:35:35 - WARNING - Fund 5122635 (MTF מחקה (00)(!) תל - בונד תשואות צמודות) is in mutual funds list but missing from report
2026-01-22 19:35:35 - WARNING - Fund 5122973 (MTF מחקה (00) תל גוב-שקלי 2-5) is in mutual funds list but missing from report
2026-01-22 19:35:35 - WARNING - Fund 5123104 (הראל מחקה (00) אינדקס קונצרני מאוזן מח"מ 2-4) is in mutual funds list but missing from report
2026-01-22 19:35:35 - WARNING - Fund 5123112 (הראל מחקה (00) אינדקס קונצרני צמוד A) is in mutual funds list but missing from report
2026-01-22 19:35:35 - WARNING - Fund 5123120 (מיטב (00) מדינה שקלי עד 4 שנים) is in mutual funds list but missing from report
2026-01-22 19:35:35 - WARNING - Fund 5123138 (מיטב (0B) אג"ח) is in mutual funds list but missing from report
2026-01-22 19:35:35 - WARNING - Fund 5123146 (מיטב (1A) קונצרני שקלי פלוס) is in mutual funds list but missing from report
2026-01-22 19:35:35 - WARNING - Fund 5123260 (MTF מחקה (00) אינדקס AA ומעלה שקלי) is in mutual funds list but missing from report
2026-01-22 19:35:35 - WARNING - Fund 5123278 (MTF מחקה (00) אינדקס AA ומעלה צמוד) is in mutual funds list but missing from report
2026-01-22 19:35:35 - WARNING - Fund 5123344 (MTF מחקה (00) אינדקס A צמוד) is in mutual funds list but missing from report
2026-01-22 19:35:35 - WARNING - Fund 5123351 (MTF מחקה (00)(!) אינדקס HY-BBB כללי) is in mutual funds list but missing from report
2026-01-22 19:35:35 - WARNING - Fund 5123369 (MTF מחקה (00) אינדקס A שקלי) is in mutual funds list but missing from report
2026-01-22 19:35:35 - WARNING - Fund 5123393 (‏MTF מחקה (00) תל גוב-שקלי) is in mutual funds list but missing from report
2026-01-22 19:35:35 - WARNING - Fund 5123518 (MTF מחקה‏ (00) תל בונד צמודות) is in mutual funds list but missing from report
2026-01-22 19:35:35 - WARNING - Fund 5123559 (הראל מחקה (00) אינדקס קונצרני שקלי A) is in mutual funds list but missing from report
2026-01-22 19:35:35 - WARNING - Fund 5123641 (MTF מחקה (4A) ת"א צמיחה) is in mutual funds list but missing from report
2026-01-22 19:35:35 - WARNING - Fund 5124060 (סיגמא (2C)י 25/75) is in mutual funds list but missing from report
2026-01-22 19:35:35 - WARNING - Fund 5124672 (הראל (3B) תיק השקעות עד 50%) is in mutual funds list but missing from report
2026-01-22 19:35:35 - WARNING - Fund 5124698 (הראל (0A) תיק אג"ח סולידי עד שלוש שנים) is in mutual funds list but missing from report
2026-01-22 19:35:35 - WARNING - Fund 5124888 (פרופאונד (1A)י 10/90) is in mutual funds list but missing from report
2026-01-22 19:35:35 - WARNING - Fund 5124912 (הראל מחקה (00) אינדקס לפדיון 2028 (מתגלגל כל 6 שנים)) is in mutual funds list but missing from report
2026-01-22 19:35:35 - WARNING - Fund 5125265 (FOREST י(1B)י 10/90) is in mutual funds list but missing from report
2026-01-22 19:35:35 - WARNING - Fund 5125463 (פסטרנק שהם (A0)(!) אג"ח חברות ללא מניות) is in mutual funds list but missing from report
2026-01-22 19:35:35 - WARNING - Fund 5125828 (אלפי בנדק (0A)(!)י All Bond כללי) is in mutual funds list but missing from report
2026-01-22 19:35:35 - WARNING - Fund 5125836 (אלפא טק (4A) מניות ESG ישראל) is in mutual funds list but missing from report
2026-01-22 19:35:35 - WARNING - Fund 5126065 (מיטב (3B)י 40/60) is in mutual funds list but missing from report
2026-01-22 19:35:35 - WARNING - Fund 5126347 (מיטב (2C) תיק השקעות 15/85) is in mutual funds list but missing from report
2026-01-22 19:35:35 - WARNING - Fund 5126685 (אנליסט (4B) מניות SMALL CAP ישראל) is in mutual funds list but missing from report
2026-01-22 19:35:35 - WARNING - Fund 5127030 (מיטב (1A) סולידית פלוס) is in mutual funds list but missing from report
2026-01-22 19:35:35 - WARNING - Fund 5127139 (שופן (2B)י 20/80) is in mutual funds list but missing from report
2026-01-22 19:35:35 - WARNING - Fund 5127501 (הראל מחקה (4A)י Dax - מנוטרלת מט"ח) is in mutual funds list but missing from report
2026-01-22 19:35:35 - WARNING - Fund 5127527 (הראל מחקה (4A)י S&P 500 - מנוטרלת מט"ח) is in mutual funds list but missing from report
2026-01-22 19:35:35 - WARNING - Fund 5127568 (איילון (4D) קנאביס חו"ל) is in mutual funds list but missing from report
2026-01-22 19:35:35 - WARNING - Fund 5127576 (פסטרנק שהם (4B) מניות) is in mutual funds list but missing from report
2026-01-22 19:35:35 - WARNING - Fund 5127774 (הראל (2D) תיק אג"ח חו"ל - נקובה $) is in mutual funds list but missing from report
2026-01-22 19:35:35 - WARNING - Fund 5127782 (הראל (1B) מדינה + 10%) is in mutual funds list but missing from report
2026-01-22 19:35:35 - WARNING - Fund 5127790 (הראל (00) כספית מגמת ריבית) is in mutual funds list but missing from report
2026-01-22 19:35:35 - WARNING - Fund 5127808 (הראל (0D) כספית דולרית מגמת ריבית) is in mutual funds list but missing from report
2026-01-22 19:35:35 - WARNING - Fund 5128095 (הראל מחקה (0A) תל בונד מאגר) is in mutual funds list but missing from report
2026-01-22 19:35:35 - WARNING - Fund 5128103 (הראל מחקה (00) תל גוב-משתנה שקלי) is in mutual funds list but missing from report
2026-01-22 19:35:35 - WARNING - Fund 5128111 (הראל מחקה (00) תל גוב-שקלי) is in mutual funds list but missing from report
2026-01-22 19:35:35 - WARNING - Fund 5128137 (הראל מחקה (00) תל גוב-שקלי 5+) is in mutual funds list but missing from report
2026-01-22 19:35:35 - WARNING - Fund 5128194 (הראל מחקה (2A) משולבת אג"ח ישראל (90%) ומניות (10%) חודשי) is in mutual funds list but missing from report
2026-01-22 19:35:35 - WARNING - Fund 5128202 (הראל מחקה (4A) משולבת מניות חו"ל חודשי מנוטרלת מט"ח) is in mutual funds list but missing from report
2026-01-22 19:35:35 - WARNING - Fund 5128210 (הראל מחקה (2A) משולבת אג"ח ישראל (85%) מניות ישראל-חול (15%) חודשי מנוטרלת מט"ח) is in mutual funds list but missing from report
2026-01-22 19:35:35 - WARNING - Fund 5128236 (הראל מחקה (4D) משולבת מניות חו"ל חודשי) is in mutual funds list but missing from report
2026-01-22 19:35:35 - WARNING - Fund 5128244 (הראל מחקה (4D) משולבת מניות סקטורים ארה"ב חודשי) is in mutual funds list but missing from report
2026-01-22 19:35:35 - WARNING - Fund 5128251 (הראל מחקה (4A) משולבת מניות סקטורים ארה"ב חודשי מנוטרלת מט"ח) is in mutual funds list but missing from report
2026-01-22 19:35:35 - WARNING - Fund 5128293 (אלפא טק (4D) גמישה) is in mutual funds list but missing from report
2026-01-22 19:35:35 - WARNING - Fund 5128509 (דיאמונד (4D) מניות גלובאלי) is in mutual funds list but missing from report
2026-01-22 19:35:35 - WARNING - Fund 5128673 (סיגמא (1A) מדינה צמודה פלוס) is in mutual funds list but missing from report
2026-01-22 19:35:35 - WARNING - Fund 5128855 (איילון (4D) מניות גלובאלי) is in mutual funds list but missing from report
2026-01-22 19:35:35 - WARNING - Fund 5128871 (הראל (2B) עוקבת תיק מס` 3 - הבנק הבינלאומי) is in mutual funds list but missing from report
2026-01-22 19:35:35 - WARNING - Fund 5128897 (הראל (00) שהם אג"ח סולידי ללא מניות) is in mutual funds list but missing from report
2026-01-22 19:35:35 - WARNING - Fund 5128947 (איילון (6D) אקסטרים נאסד"ק 100 פי 3) is in mutual funds list but missing from report
2026-01-22 19:35:35 - WARNING - Fund 5129069 (MTF מחקה (00) אינדקס A-AA ישראל 1-3) is in mutual funds list but missing from report
2026-01-22 19:35:35 - WARNING - Fund 5129093 (פורצ`ן (4D) גמישה) is in mutual funds list but missing from report
2026-01-22 19:35:35 - WARNING - Fund 5129101 (פורצ`ן (0D)(!) אג"ח בינלאומי) is in mutual funds list but missing from report
2026-01-22 19:35:35 - WARNING - Fund 5129119 (פורצ`ן (1B)י 10/90) is in mutual funds list but missing from report
2026-01-22 19:35:35 - WARNING - Fund 5129275 (הראל מחקה (4D)יS&P 500) is in mutual funds list but missing from report
2026-01-22 19:35:35 - WARNING - Fund 5129283 (הראל מחקה (4D)יNASDAQ 100) is in mutual funds list but missing from report
2026-01-22 19:35:35 - WARNING - Fund 5129382 (שופן (0B) אג"ח גלאט בפקוח ועד ההלכה של הגר"ש ואזנר והגר"נ קרליץ) is in mutual funds list but missing from report
2026-01-22 19:35:35 - WARNING - Fund 5129424 (הראל מחקה (00) אינדקס לפדיון 2030 (מתגלגל כל 6 שנים)) is in mutual funds list but missing from report
2026-01-22 19:35:35 - WARNING - Fund 5129473 (אלפא טק (4D) מניות חו"ל ESG) is in mutual funds list but missing from report
2026-01-22 19:35:35 - WARNING - Fund 5129606 (פסטרנק שהם (4D) גמישה) is in mutual funds list but missing from report
2026-01-22 19:35:35 - WARNING - Fund 5129655 (אנליסט (2B) עוקבת תיק 3 הבנק הבינלאומי) is in mutual funds list but missing from report
2026-01-22 19:35:35 - WARNING - Fund 5129663 (הראל מחקה (00) אינדקס אג"ח תזרימיות A ומעלה) is in mutual funds list but missing from report
2026-01-22 19:35:35 - WARNING - Fund 5129689 (הראל מחקה (00) תל בונד צמודות- בנקים ללא COCO) is in mutual funds list but missing from report
2026-01-22 19:35:35 - WARNING - Fund 5129697 (הראל מחקה (4A) תל דיב) is in mutual funds list but missing from report
2026-01-22 19:35:35 - WARNING - Fund 5129705 (הראל מחקה (4A) ת"א סקטור-באלאנס) is in mutual funds list but missing from report
2026-01-22 19:35:35 - WARNING - Fund 5129887 (MTF מחקה (4A) אינדקס ת"א 125 Quality) is in mutual funds list but missing from report
2026-01-22 19:35:35 - WARNING - Fund 5129978 (FOREST (י0B)(!) אג"ח ללא מניות) is in mutual funds list but missing from report
2026-01-22 19:35:35 - WARNING - Fund 5130000 (MTF מחקה (00) אינדקס אג"ח בנקים וביטוח) is in mutual funds list but missing from report
2026-01-22 19:35:35 - WARNING - Fund 5130018 (הראל מחקה (00) אינדקס אג"ח CoCo בנקים) is in mutual funds list but missing from report
2026-01-22 19:35:35 - WARNING - Fund 5130026 (הראל מחקה (4D)י Dow Jones U.S. Select Medical Equipment) is in mutual funds list but missing from report
2026-01-22 19:35:35 - WARNING - Fund 5130083 (MTF מחקה (00) אינדקס צמודות בנקים וביטוח) is in mutual funds list but missing from report
2026-01-22 19:35:35 - WARNING - Fund 5130307 (איילון (1B)י 10/90) is in mutual funds list but missing from report
2026-01-22 19:35:35 - WARNING - Fund 5130315 (איילון (0B) אג"ח ללא מניות) is in mutual funds list but missing from report
2026-01-22 19:35:35 - WARNING - Fund 5130323 (איילון (4B) מימון ואשראי חוץ בנקאי) is in mutual funds list but missing from report
2026-01-22 19:35:35 - WARNING - Fund 5130372 (MTF מחקה (20) מדד משולב אינדקס בנקים ישראל 20/80 חודשי) is in mutual funds list but missing from report
2026-01-22 19:35:35 - WARNING - Fund 5130414 (פרופאונד אג"ח מדורגות (0A)(!)) is in mutual funds list but missing from report
2026-01-22 19:35:35 - WARNING - Fund 5130422 (פרופאונד גמישה (4D)) is in mutual funds list but missing from report
2026-01-22 19:35:35 - WARNING - Fund 5130430 (פרופאונד 20/80 (2B)) is in mutual funds list but missing from report
2026-01-22 19:35:35 - WARNING - Fund 5130596 (MTF מחקה (2A) מדד משולב אינדקס נדל"ן מניב 20/80 חודשי) is in mutual funds list but missing from report
2026-01-22 19:35:35 - WARNING - Fund 5130604 (MTF מחקה (4A) אינדקס תשתיות לאומיות ישראל) is in mutual funds list but missing from report
2026-01-22 19:35:35 - WARNING - Fund 5130638 (הראל מחקה (4A) ת"א 90) is in mutual funds list but missing from report
2026-01-22 19:35:35 - WARNING - Fund 5130661 (הראל מחקה (4A) ת"א 35) is in mutual funds list but missing from report
2026-01-22 19:35:35 - WARNING - Fund 5130729 (אימפקט (1B)י 10/90) is in mutual funds list but missing from report
2026-01-22 19:35:35 - WARNING - Fund 5130802 (פורצ`ן (0B)(!) אג"ח ללא מניות) is in mutual funds list but missing from report
2026-01-22 19:35:35 - WARNING - Fund 5130810 (פסטרנק שהם (2B)י 30/70) is in mutual funds list but missing from report
2026-01-22 19:35:35 - WARNING - Fund 5130919 (אי.בי.אי. מחקה (4A) ת"א 90) is in mutual funds list but missing from report
2026-01-22 19:35:35 - WARNING - Fund 5130950 (אנליסט (0B) סולידית LV) is in mutual funds list but missing from report
2026-01-22 19:35:35 - WARNING - Fund 5130992 (אי.בי.אי. מחקה (00) תל בונד שקלי AA-AAA) is in mutual funds list but missing from report
2026-01-22 19:35:35 - WARNING - Fund 5131008 (אי.בי.אי. מחקה (00) תל בונד צמודות AA-AAA) is in mutual funds list but missing from report
2026-01-22 19:35:35 - WARNING - Fund 5131081 (הראל מחקה (4A) ת"א טכנולוגיה) is in mutual funds list but missing from report
2026-01-22 19:35:35 - WARNING - Fund 5131164 (הראל מחקה (00) אינדקס AA-AAA ריאליות שקלי) is in mutual funds list but missing from report
2026-01-22 19:35:35 - WARNING - Fund 5131180 (הראל מחקה (00) אינדקס AA-AAA ריאליות צמוד) is in mutual funds list but missing from report
2026-01-22 19:35:35 - WARNING - Fund 5131222 (MTF מחקה (00) אינדקס אג"ח חברות ממשלתיות) is in mutual funds list but missing from report
2026-01-22 19:35:35 - WARNING - Fund 5131404 (הראל מחקה (4A) ת"א בנייה) is in mutual funds list but missing from report
2026-01-22 19:35:35 - WARNING - Fund 5131420 (הראל מחקה (4A) ת"א מניב ישראל) is in mutual funds list but missing from report
2026-01-22 19:35:35 - WARNING - Fund 5131529 (MTF מחקה (4A) אינדקס צריכה בסיסית ישראל) is in mutual funds list but missing from report
2026-01-22 19:35:35 - WARNING - Fund 5131727 (MTF מחקה (00) אינדקס A-AA שקלי) is in mutual funds list but missing from report
2026-01-22 19:35:35 - WARNING - Fund 5131735 (MTF מחקה (00) אינדקס A-AA צמוד) is in mutual funds list but missing from report
2026-01-22 19:35:35 - WARNING - Fund 5131792 (הראל מחקה (0A) תל גוב-כללי) is in mutual funds list but missing from report
2026-01-22 19:35:35 - WARNING - Fund 5131958 (דיאמונד (2B)י 30/70) is in mutual funds list but missing from report
2026-01-22 19:35:35 - WARNING - Fund 5132030 (הראל מחקה (00) אינדקס A שקלי מנפיקים ישראלים) is in mutual funds list but missing from report
2026-01-22 19:35:35 - WARNING - Fund 5132204 (פסטרנק שהם (1B)(!)י 10/90) is in mutual funds list but missing from report
2026-01-22 19:35:35 - WARNING - Fund 5132295 (הראל מחקה (4A) אינדקס קמעונאות ומסחר ישראל) is in mutual funds list but missing from report
2026-01-22 19:35:35 - WARNING - Fund 5132410 (פלקון (2B)י 20/80) is in mutual funds list but missing from report
2026-01-22 19:35:35 - WARNING - Fund 5132592 (הראל מחקה (0D) אינדקס A-AAA ת"א שקלי - נקובה $) is in mutual funds list but missing from report
2026-01-22 19:35:35 - WARNING - Fund 5132865 (הראל מחקה (00) אינדקס A-AA צמוד 0-2) is in mutual funds list but missing from report
2026-01-22 19:35:35 - WARNING - Fund 5133038 (MTF מחקה (4D) אינדקס הייטק ישראלי בחו"ל מנוטרלת דולר) is in mutual funds list but missing from report
2026-01-22 19:35:35 - WARNING - Fund 5133111 (פסטרנק שהם (4D) מניות חו"ל) is in mutual funds list but missing from report
2026-01-22 19:35:35 - WARNING - Fund 5133145 (הראל מחקה (00) אינדקס A-AAA ריאליות פקטור מרווח מאג``ח ממשלתי) is in mutual funds list but missing from report
2026-01-22 19:35:35 - WARNING - Fund 5133152 (הראל מחקה (0A) אינדקס אג"ח מנפיקים ישראלים במשקל שווה) is in mutual funds list but missing from report
2026-01-22 19:35:35 - WARNING - Fund 5133236 (ATF מחקה (40) אינדקס בנקים וביטוח ישראל) is in mutual funds list but missing from report
2026-01-22 19:35:35 - WARNING - Fund 5133459 (פורצ`ן (2B)י 20/80) is in mutual funds list but missing from report
2026-01-22 19:35:35 - WARNING - Fund 5133574 (הראל מחקה (4A)י NASDAQ 100 מנוטרלת מט"ח) is in mutual funds list but missing from report
2026-01-22 19:35:35 - WARNING - Fund 5133608 (הראל מחקה (0D) אינדקס AA-AAA ת"א 0-2 - נקובה $) is in mutual funds list but missing from report
2026-01-22 19:35:35 - WARNING - Fund 5133616 (הראל מחקה (4A)י אינדקס בנקים ישראל) is in mutual funds list but missing from report
2026-01-22 19:35:35 - WARNING - Fund 5133715 (MTF מחקה (4D) אינדקס Global Manufacturers מנוטרלת דולר) is in mutual funds list but missing from report
2026-01-22 19:35:35 - WARNING - Fund 5133756 (הראל מחקה (0A)י All Bond כללי) is in mutual funds list but missing from report
2026-01-22 19:35:35 - WARNING - Fund 5133764 (הראל מחקה (4A) ת"א All-Share) is in mutual funds list but missing from report
2026-01-22 19:35:35 - WARNING - Fund 5133897 (MTF מחקה (4A) אינדקס נדל"ן למגורים ארה"ב Top10 מנוטרלת מט"ח) is in mutual funds list but missing from report
2026-01-22 19:35:35 - WARNING - Fund 5133905 (ATF מחקה (00) אינדקס אג"ח חברות ישראל EW TOP 100) is in mutual funds list but missing from report
2026-01-22 19:35:35 - WARNING - Fund 5133939 (מיטב (2A) תיק אג"ח + 15%) is in mutual funds list but missing from report
2026-01-22 19:35:35 - WARNING - Fund 5134028 (מיטב (2B)י 25/75) is in mutual funds list but missing from report
2026-01-22 19:35:35 - WARNING - Fund 5134036 (מיטב (0B) אג"ח ללא מניות) is in mutual funds list but missing from report
2026-01-22 19:35:35 - WARNING - Fund 5134101 (הראל מחקה (4A) אינדקס מניות ערך ישראל) is in mutual funds list but missing from report
2026-01-22 19:35:35 - WARNING - Fund 5134135 (MTF מחקה (4D) אינדקס Global Metals & Minerals producers מנוטרלת דולר) is in mutual funds list but missing from report
2026-01-22 19:35:35 - WARNING - Fund 5134143 (אימפקט (4D)י Global Shares) is in mutual funds list but missing from report
2026-01-22 19:35:35 - WARNING - Fund 5134226 (פסטרנק שהם (0B) אג"ח כללי ללא מניות) is in mutual funds list but missing from report
2026-01-22 19:35:35 - WARNING - Fund 5134234 (פסטרנק שהם (2B)י 20/80) is in mutual funds list but missing from report
2026-01-22 19:35:35 - WARNING - Fund 5134242 (MTF מחקה (4D) אינדקס Global Semiconductors מנוטרלת דולר) is in mutual funds list but missing from report
2026-01-22 19:35:35 - WARNING - Fund 5134283 (פורצ`ן (4D) מניות חו"ל) is in mutual funds list but missing from report
2026-01-22 19:35:35 - WARNING - Fund 5134606 (מיטב (0A)(!) תיק אג"ח ללא מניות) is in mutual funds list but missing from report
2026-01-22 19:35:35 - WARNING - Fund 5134614 (מיטב (1A)(!) תיק אג"ח + 10%) is in mutual funds list but missing from report
2026-01-22 19:35:35 - WARNING - Fund 5134663 (מיטב (0A) אג"ח מדינה ללא מניות) is in mutual funds list but missing from report
2026-01-22 19:35:35 - WARNING - Fund 5134705 (הראל מחקה (0A) אינדקס לפדיון 2026 מנפיקים במשקל שווה (מתגלגל כל 6 שנים)) is in mutual funds list but missing from report
2026-01-22 19:35:35 - WARNING - Fund 5134713 (MTF  מחקה (4A) אינדקס ת"א-125 Smart Momentum) is in mutual funds list but missing from report
2026-01-22 19:35:35 - WARNING - Fund 5134754 (הראל (2C) אגד ישראלי עד 15% מניות) is in mutual funds list but missing from report
2026-01-22 19:35:35 - WARNING - Fund 5134762 (הראל (2C) אגד ישראלי עד 30% מניות) is in mutual funds list but missing from report
2026-01-22 19:35:35 - WARNING - Fund 5134788 (MTF מחקה (00) אינדקס A מנגנון שקלי-צמוד) is in mutual funds list but missing from report
2026-01-22 19:35:35 - WARNING - Fund 5134796 (MTF מחקה (00) אינדקס AA מנגנון שקלי-צמוד) is in mutual funds list but missing from report
2026-01-22 19:35:35 - WARNING - Fund 5134846 (פרופאונד (2B)י 30/70) is in mutual funds list but missing from report
2026-01-22 19:35:35 - WARNING - Fund 5134853 (MTF מחקה (00) אינדקס A שקלי אופק דירוג יציב או חיובי) is in mutual funds list but missing from report
2026-01-22 19:35:35 - WARNING - Fund 5135058 (Gse Spotי (4B) מניות) is in mutual funds list but missing from report
2026-01-22 19:35:35 - WARNING - Fund 5135090 (MTF מחקה (4D) ת"א-90 נקובה $) is in mutual funds list but missing from report
2026-01-22 19:35:35 - WARNING - Fund 5135165 (ATF מחקה (4A) אינדקס ת"א-125 מומנטום ענפי) is in mutual funds list but missing from report
2026-01-22 19:35:35 - WARNING - Fund 5135264 (פרופאונד (0B) אג"ח ללא מניות) is in mutual funds list but missing from report
2026-01-22 19:35:35 - WARNING - Fund 5135348 (הראל מחקה (4D) ת"א 90 - נקובה $) is in mutual funds list but missing from report
2026-01-22 19:35:35 - WARNING - Fund 5135603 (MTF מחקה (S&P 500 VALUE (4A מנוטרלת מט"ח) is in mutual funds list but missing from report
2026-01-22 19:35:35 - WARNING - Fund 5135736 (הראל מחקה (0D) תל גוב-מק"מ - נקובה $) is in mutual funds list but missing from report
2026-01-22 19:35:35 - WARNING - Fund 5135835 (הראל מחקה (00) תל גוב-שקלי 10+) is in mutual funds list but missing from report
2026-01-22 19:35:35 - WARNING - Fund 5135843 (הראל מחקה (00) תל גוב-צמודות 10+) is in mutual funds list but missing from report
2026-01-22 19:35:35 - WARNING - Fund 5135942 (MTF מחקה (0A) אינדקס A-AAA לפדיון 2029 (מתגלגל כל 4 שנים)) is in mutual funds list but missing from report
2026-01-22 19:35:35 - WARNING - Fund 5135975 (ATF מחקה (00) אינדקס אג"ח בנקים וחב` ממשלתיות) is in mutual funds list but missing from report
2026-01-22 19:35:35 - WARNING - Fund 5135983 (MTF מחקה (4A) אינדקס שבבים ארה"ב Top10 מנוטרלת מט"ח) is in mutual funds list but missing from report
2026-01-22 19:35:35 - WARNING - Fund 5136080 (פסטרנק שהם (2B)י 15/85) is in mutual funds list but missing from report
2026-01-22 19:35:35 - WARNING - Fund 5136098 (פסטרנק שהם (4B) מניות Mid Cap ישראל) is in mutual funds list but missing from report
2026-01-22 19:35:35 - WARNING - Fund 5136163 (מיטב (4B) נדל"ן - תשתיות) is in mutual funds list but missing from report
2026-01-22 19:35:35 - WARNING - Fund 5136254 (בול מרקט (4D) השקעות) is in mutual funds list but missing from report
2026-01-22 19:35:35 - WARNING - Fund 5136288 (FOREST י(2B)י 30/70) is in mutual funds list but missing from report
2026-01-22 19:35:35 - WARNING - Fund 5136619 (פלקון (0A) תיק אג"ח ללא מניות) is in mutual funds list but missing from report
2026-01-22 19:35:35 - WARNING - Fund 5136627 (סיגמא (2B)י 20/80) is in mutual funds list but missing from report
2026-01-22 19:35:35 - WARNING - Fund 5136676 (ATF מחקה (2B) משולבת אינדקס מנגנון אג"ח (75%) מניות (25%) חודשי) is in mutual funds list but missing from report
2026-01-22 19:35:35 - WARNING - Fund 5136775 (ATF מחקה (4A) אינדקס מניות ארה"ב Large Cap מומנטום ענפי מנוטרלת מט"ח) is in mutual funds list but missing from report
2026-01-22 19:35:35 - WARNING - Fund 5136833 (אי.בי.אי. מחקה (4A)י S&P 500 Equal Weight מנוטרלת מט"ח) is in mutual funds list but missing from report
2026-01-22 19:35:35 - WARNING - Fund 5136841 (אי.בי.אי. מחקה (4A) ת"א סקטור-באלאנס) is in mutual funds list but missing from report
2026-01-22 19:35:35 - WARNING - Fund 5136858 (אי.בי.אי. מחקה (00) תל בונד-צמודות 1-3) is in mutual funds list but missing from report
2026-01-22 19:35:35 - WARNING - Fund 5136866 (איילון (00) כספית ניהול הנזילות) is in mutual funds list but missing from report
2026-01-22 19:35:35 - WARNING - Fund 5136924 (איילון (0D) כספית דולרית) is in mutual funds list but missing from report
2026-01-22 19:35:35 - WARNING - Fund 5137070 (אנליסט (0A) סולידית) is in mutual funds list but missing from report
2026-01-22 19:35:35 - WARNING - Fund 5137112 (MTF מחקה (Indxx US Healthcare Top 10 (4A מנוטרלת מט"ח) is in mutual funds list but missing from report
2026-01-22 19:35:35 - WARNING - Fund 5137211 (פורצ`ן (0B) תיק אג"ח) is in mutual funds list but missing from report
2026-01-22 19:35:35 - WARNING - Fund 5137237 (אי.בי.אי. מחקה (4A) אינדקס מניות דיבידנד ישראל מחלקת) is in mutual funds list but missing from report
2026-01-22 19:35:35 - WARNING - Fund 5137310 (הראל (0D) כספית יורו) is in mutual funds list but missing from report
2026-01-22 19:35:35 - WARNING - Fund 5137336 (ATF מחקה (4D) אינדקס מניות ארה"ב Large Cap מומנטום ענפי) is in mutual funds list but missing from report
2026-01-22 19:35:35 - WARNING - Fund 5137435 (הראל מחקה (4D) אינדקס Top10 Tech) is in mutual funds list but missing from report
2026-01-22 19:35:35 - WARNING - Fund 5137476 (פסטרנק שהם (0B)(!) אג"ח ללא מניות) is in mutual funds list but missing from report
2026-01-22 19:35:35 - WARNING - Fund 5137526 (אי.בי.אי. מחקה (00) אינדקס אג"ח קופון גבוה מחלקת) is in mutual funds list but missing from report
2026-01-22 19:35:35 - WARNING - Fund 5137690 (מיטב (00) כספית שקלית ללא קונצרני) is in mutual funds list but missing from report
2026-01-22 19:35:35 - WARNING - Fund 5137716 (MTF מחקה (0D)י S&P 500 Bond Mega 30 Investment Grade 5-7 Year נקובה דולר) is in mutual funds list but missing from report
2026-01-22 19:35:35 - WARNING - Fund 5137765 (פסטרנק שהם (1B)י 10/90) is in mutual funds list but missing from report
2026-01-22 19:35:35 - WARNING - Fund 5137773 (MTF מחקה (0A) אינדקס אג"ח ממשלת ארה"ב - מח"מ 10 קבוע מנוטרלת מט"ח) is in mutual funds list but missing from report
2026-01-22 19:35:35 - WARNING - Fund 5137807 (הראל מחקה (4D)י  S&P 500 Equal Weight) is in mutual funds list but missing from report
2026-01-22 19:35:35 - WARNING - Fund 5137831 (איילון (00) אג"ח קונצרני מדורג A ומעלה) is in mutual funds list but missing from report
2026-01-22 19:35:35 - WARNING - Fund 5137880 (מיטב (2B)י 20/80 מודל ESG) is in mutual funds list but missing from report
2026-01-22 19:35:35 - WARNING - Fund 5137898 (מיטב (2B)י 30/70 מודל ESG) is in mutual funds list but missing from report
2026-01-22 19:35:35 - WARNING - Fund 5137997 (ATF מחקה (00) אינדקס שקלים ארוכים עד 20% מדינה) is in mutual funds list but missing from report
2026-01-22 19:35:35 - WARNING - Fund 5138151 (MTF מחקה (S&P 500 Top 50 (4D) is in mutual funds list but missing from report
2026-01-22 19:35:35 - WARNING - Fund 5138201 (MTF מחקה (Russell 2000 (4A מנוטרלת מט"ח) is in mutual funds list but missing from report
2026-01-22 19:35:35 - WARNING - Fund 5138219 (פרופאונד (0B)(!) תיק אג"ח ללא מניות) is in mutual funds list but missing from report
2026-01-22 19:35:35 - WARNING - Fund 5138284 (מגדל (0D) אגח בינלאומי לפדיון עד 2030) is in mutual funds list but missing from report
2026-01-22 19:35:35 - WARNING - Fund 5138359 (ATF מחקה (00) אינדקס EW TOP100 מרווח מעל הממוצע מותאם מח"מ) is in mutual funds list but missing from report
2026-01-22 19:35:35 - WARNING - Fund 5138375 (מיטב (4D) מניות חו"ל) is in mutual funds list but missing from report
2026-01-22 19:35:35 - WARNING - Fund 5138391 (מגדל (0A) אג"ח לפדיון עד 2030) is in mutual funds list but missing from report
2026-01-22 19:35:35 - WARNING - Fund 5138409 (הראל מחקה (4D) אינדקס תעשיות ביטחוניות ארה``ב וישראל) is in mutual funds list but missing from report
2026-01-22 19:35:35 - WARNING - Fund 5138425 (פורצ`ן (0D)(!) אג"ח גלובלי – נקובה $) is in mutual funds list but missing from report
2026-01-22 19:35:35 - WARNING - Fund 5138458 (MTF מחקה (0D) אינדקס Top 10 US Banks Bonds) is in mutual funds list but missing from report
2026-01-22 19:35:35 - WARNING - Fund 5138474 (MTF מחקה (S&P 500 Equal Weight  (4A מנוטרלת מט"ח) is in mutual funds list but missing from report
2026-01-22 19:35:35 - WARNING - Fund 5138524 (מגדל (4A) נאסד"ק 100 כשרה מנוטרלת מט"ח) is in mutual funds list but missing from report
2026-01-22 19:35:35 - WARNING - Fund 5138532 (מגדל (1A)י 10/90 - אג"ח מדורג) is in mutual funds list but missing from report
2026-01-22 19:35:35 - WARNING - Fund 5138722 (הראל מחקה (0D)י iBoxx USD Liquid 5-9 Top 50) is in mutual funds list but missing from report
2026-01-22 19:35:35 - WARNING - Fund 5138839 (אנליסט (0D) כספית דולרית - נקובה $) is in mutual funds list but missing from report
2026-01-22 19:35:35 - WARNING - Fund 5138847 (הראל מחקה (00) תל בונד צמודות בנקים וחברות ממשלתיות) is in mutual funds list but missing from report
2026-01-22 19:35:35 - WARNING - Fund 5138854 (הראל מחקה (00) תל בונד צמודות 5-10) is in mutual funds list but missing from report
2026-01-22 19:35:35 - WARNING - Fund 5138862 (הראל מחקה (00) תל בונד שקלי 5-10) is in mutual funds list but missing from report
2026-01-22 19:35:35 - WARNING - Fund 5139027 (MTF מחקה (4A) אינדקס בנייה ישראל - פקטור מינוף פיננסי נמוך) is in mutual funds list but missing from report
2026-01-22 19:35:35 - WARNING - Fund 5139076 (איילון (0D) כספית דולרית – נקובה דולר) is in mutual funds list but missing from report
2026-01-22 19:35:35 - WARNING - Fund 5139175 (ATF מחקה (4A) אינדקס בנקים ישראל) is in mutual funds list but missing from report
2026-01-22 19:35:35 - WARNING - Fund 5139183 (מגדל (4A) מניות בנקים) is in mutual funds list but missing from report
2026-01-22 19:35:35 - WARNING - Fund 5139274 (MTF מחקה (Europe Top20 iNDEX (4D מנוטרלת אירו) is in mutual funds list but missing from report
2026-01-22 19:35:35 - WARNING - Fund 5139332 (מיטב (4B) מניות מומנטום) is in mutual funds list but missing from report
2026-01-22 19:35:35 - WARNING - Fund 5139340 (איילון (6A) אקסטרים בנקים פי 3) is in mutual funds list but missing from report
2026-01-22 19:35:35 - WARNING - Fund 5139357 (איילון (6A) אקסטרים ת"א 90 פי 3) is in mutual funds list but missing from report
2026-01-22 19:35:35 - WARNING - Fund 5139365 (MTF מחקה S&P Israel 100 (ILS) (4A)) is in mutual funds list but missing from report
2026-01-22 19:35:35 - WARNING - Fund 5139449 (אנליסט (0B)(!) תיק קונצרני) is in mutual funds list but missing from report
2026-01-22 19:35:35 - WARNING - Fund 5139514 (MTF מחקה (0D) אינדקס מדינת ישראל דולר לפדיון 2030 (מתגלגל כל 6 שנים) נקובה $) is in mutual funds list but missing from report
2026-01-22 19:35:35 - WARNING - Fund 5139571 (הראל מחקה (4D)י S&P 500 Momentum) is in mutual funds list but missing from report
2026-01-22 19:35:35 - WARNING - Fund 5139639 (הראל מחקה (4A) ת"א 90 ובנקים) is in mutual funds list but missing from report
2026-01-22 19:35:35 - WARNING - Fund 5139670 (אנליסט (4B) מניות ערך) is in mutual funds list but missing from report
2026-01-22 19:35:35 - WARNING - Fund 5139688 (אנליסט (0B) אג"ח ללא מניות) is in mutual funds list but missing from report
2026-01-22 19:35:35 - WARNING - Fund 5139712 (אנליסט (2B)י 30/70) is in mutual funds list but missing from report
2026-01-22 19:35:35 - WARNING - Fund 5139753 (פורצ`ן (1B) תיק אג"ח בינלאומי עד 20% מט"ח) is in mutual funds list but missing from report
2026-01-22 19:35:35 - WARNING - Fund 5139837 (הראל מחקה (4D)י Russell 2000) is in mutual funds list but missing from report
2026-01-22 19:35:35 - WARNING - Fund 5139886 (MTF מחקה (Indxx Bitcoin Reference (4D) is in mutual funds list but missing from report
2026-01-22 19:35:35 - WARNING - Fund 5139936 (ATF מחקה (4A) ת"א-20) is in mutual funds list but missing from report
2026-01-22 19:35:35 - WARNING - Fund 5139944 (ATF מחקה (4A) ת"א-50 ריאלי) is in mutual funds list but missing from report
2026-01-22 19:35:35 - WARNING - Fund 5139951 (ATF מחקה (4A) ת"א-200) is in mutual funds list but missing from report
2026-01-22 19:35:35 - WARNING - Fund 5139969 (DCMSי (2D) תיק השקעות גלובלי עד 30% מניות) is in mutual funds list but missing from report
2026-01-22 19:35:35 - WARNING - Fund 5139985 (הראל מחקה (00)(!) תל בונד- תשואות צמודות) is in mutual funds list but missing from report
2026-01-22 19:35:35 - WARNING - Fund 5139993 (הראל מחקה (4A)י S&P Hotels, Resorts & Cruise lines 15% FMC Capped מנוטרלת מט"ח) is in mutual funds list but missing from report
2026-01-22 19:35:35 - WARNING - Fund 5140009 (הראל מחקה (4A) ת"א- ביטוח) is in mutual funds list but missing from report
2026-01-22 19:35:35 - WARNING - Fund 5140041 (מגדל (4D) מניות שבבים גלובלי) is in mutual funds list but missing from report
2026-01-22 19:35:35 - WARNING - Fund 5140116 (ATF מחקה (00) תל בונד-צמודות A) is in mutual funds list but missing from report
2026-01-22 19:35:35 - WARNING - Fund 5140124 (ATF מחקה (00)(!) תל בונד-תשואות צמודות) is in mutual funds list but missing from report
2026-01-22 19:35:35 - WARNING - Fund 5140132 (הראל מחקה (4A)י S&P 500 Momentum מנוטרלת מט"ח) is in mutual funds list but missing from report
2026-01-22 19:35:35 - WARNING - Fund 5140140 (MTF מחקה (World Top 100 iNDEX (4D מנוטרלת דולר) is in mutual funds list but missing from report
2026-01-22 19:35:35 - WARNING - Fund 5140157 (MTF מחקה (4A) ת"א 90 ובנקים) is in mutual funds list but missing from report
2026-01-22 19:35:35 - WARNING - Fund 5140165 (MTF מחקה (MSCI World (4D מנוטרלת דולר) is in mutual funds list but missing from report
2026-01-22 19:35:35 - WARNING - Fund 5140199 (MTF מחקה (4A) אינדקס כלכלת ישראל 125) is in mutual funds list but missing from report
2026-01-22 19:35:35 - WARNING - Fund 5140207 (MTF מחקה (Indxx US 2000 Profitability (4A מנוטרלת מט"ח) is in mutual funds list but missing from report
2026-01-22 19:35:35 - WARNING - Fund 5140215 (MTF מחקה (Bloomberg New Constructs Core Earnings Leaders (4A מנוטרלת מט"ח) is in mutual funds list but missing from report
2026-01-22 19:35:35 - WARNING - Fund 5140348 (מיטב (2B)י 15/85 מודל ESG) is in mutual funds list but missing from report
2026-01-22 19:35:35 - WARNING - Fund 5140355 (מיטב (0B) אג"ח מודל ESG) is in mutual funds list but missing from report
2026-01-22 19:35:35 - WARNING - Fund 5140397 (MTF מחקה (4A) אינדקס כלכלת ישראל 90) is in mutual funds list but missing from report
2026-01-22 19:35:35 - WARNING - Fund 5140413 (אנליסט (00) כספית חיסכון) is in mutual funds list but missing from report
2026-01-22 19:35:35 - WARNING - Fund 5140439 (MTF מחקה (Indxx Top 10 Europe Defense (4D מנוטרלת אירו) is in mutual funds list but missing from report
2026-01-22 19:35:35 - WARNING - Fund 5140447 (MTF מחקה (4A) ת"א - ביטוח) is in mutual funds list but missing from report
2026-01-22 19:35:35 - WARNING - Fund 5140504 (מיטב (4A) ת"א 125 מומנטום) is in mutual funds list but missing from report
2026-01-22 19:35:35 - WARNING - Fund 5140553 (פסטרנק שהם (2B)י 25/75) is in mutual funds list but missing from report
2026-01-22 19:35:35 - WARNING - Fund 5140561 (הראל מחקה (4A) אינדקס תעשיות ביטחוניות ארה"ב וישראל מנוטרלת מט"ח) is in mutual funds list but missing from report
2026-01-22 19:35:35 - WARNING - Fund 5140579 (אקהאוס (4B) מניות ישראל) is in mutual funds list but missing from report
2026-01-22 19:35:35 - WARNING - Fund 5140595 (MTF מחקה (4A) ת"א -נפט וגז) is in mutual funds list but missing from report
2026-01-22 19:35:35 - WARNING - Fund 5140629 (הראל מחקה (4D) אינדקס תשתיות ובינוי ארה"ב וישראל) is in mutual funds list but missing from report
2026-01-22 19:35:35 - WARNING - Fund 5140686 (אנליסט (6F) מניות ממונפת) is in mutual funds list but missing from report
2026-01-22 19:35:35 - WARNING - Fund 5140694 (פרופאונד (4B) מניות Large & Mid Cap ישראל) is in mutual funds list but missing from report
2026-01-22 19:35:35 - WARNING - Fund 5140850 (MTF מחקה (4D)י S&P 500 Momentum) is in mutual funds list but missing from report
2026-01-22 19:35:35 - WARNING - Fund 5140868 (MTF מחקה (00)(!) אינדקס 0-3 שקלי עד A) is in mutual funds list but missing from report
2026-01-22 19:35:35 - WARNING - Fund 5140884 (MTF מחקה (4A)י Bluestar TOP 10 US Listed Alternative Asset Managers מנוטרלת מט"ח) is in mutual funds list but missing from report
2026-01-22 19:35:35 - WARNING - Fund 5140926 (הראל מחקה (4D) אינדקס תעשיות ביטחוניות אירופה Top10) is in mutual funds list but missing from report
2026-01-22 19:35:35 - WARNING - Fund 5141049 (פרופאונד (1B)(!) תיק אג"ח + 10%) is in mutual funds list but missing from report
2026-01-22 19:35:35 - WARNING - Fund 5141072 (MTF מחקה (4A) אינדקס פיננסים ישראל Top15) is in mutual funds list but missing from report
2026-01-22 19:35:35 - WARNING - Fund 5141114 (MTF מחקה (4A)י S&P 500 Momentum מנוטרלת מט"ח) is in mutual funds list but missing from report
2026-01-22 19:35:35 - WARNING - Fund 5141213 (MTF מחקה (Indxx Building America Infrastructure (4A מנוטרלת מט"ח) is in mutual funds list but missing from report
2026-01-22 19:35:35 - WARNING - Fund 5141247 (אנליסט (4B) מניות Mid Cap ישראל) is in mutual funds list but missing from report
2026-01-22 19:35:35 - WARNING - Fund 5141254 (אנליסט (1A) מדינה צמודה פלוס) is in mutual funds list but missing from report
2026-01-22 19:35:35 - WARNING - Fund 5141262 (MTF מחקה (Indxx Top 10 US-Israel Banks (4A מנוטרלת מט"ח) is in mutual funds list but missing from report
2026-01-22 19:35:35 - WARNING - Fund 5141296 (מיטב (00) כספית ג`מבו) is in mutual funds list but missing from report
2026-01-22 19:35:35 - WARNING - Fund 5141486 (מיטב (4B) בנקים – ביטוח ושוק ההון) is in mutual funds list but missing from report
2026-01-22 19:35:35 - WARNING - Fund 5141510 (אקהאוס (4D) מניות חו"ל) is in mutual funds list but missing from report
2026-01-22 19:35:35 - WARNING - Fund 5141544 (סיגמא (2B) תיק אג"ח + 30%) is in mutual funds list but missing from report
2026-01-22 19:35:35 - WARNING - Fund 5141569 (אלטשולר שחם מחקה (4A)י Nasdaq 100 מנוטרלת מט"ח) is in mutual funds list but missing from report
2026-01-22 19:35:35 - WARNING - Fund 5141635 (אלטשולר שחם מחקה (00) תל בונד-שקלי 5-15) is in mutual funds list but missing from report
2026-01-22 19:35:35 - WARNING - Fund 5141643 (סיגמא (4B) מניות ת"א 125) is in mutual funds list but missing from report
2026-01-22 19:35:35 - WARNING - Fund 5141650 (סיגמא (4B) מניות ערך) is in mutual funds list but missing from report
2026-01-22 19:35:35 - WARNING - Fund 5141668 (סיגמא (0B) אג"ח מדורג ללא מניות) is in mutual funds list but missing from report
2026-01-22 19:35:35 - WARNING - Fund 5141759 (MTF מחקה (4A) משולבת ת"א-125 (50%) S&P 500 י(50%) חודשי מנוטרלת מט"ח) is in mutual funds list but missing from report
2026-01-22 19:35:35 - WARNING - Fund 5141767 (אנליסט (3C) תיק השקעות עד 50%) is in mutual funds list but missing from report
2026-01-22 19:35:35 - WARNING - Fund 5141817 (ATF מחקה (0A) אינדקס אג"ח ממשלת ארה"ב - מח"מ דינמי מנוטרלת מט"ח) is in mutual funds list but missing from report
2026-01-22 19:35:35 - WARNING - Fund 5141890 (פלקון (4D) תיק השקעות גמיש) is in mutual funds list but missing from report
2026-01-22 19:35:35 - WARNING - Fund 5141916 (MTF מחקה (4A)י (ILS)י S&P Israel 70 MidCap) is in mutual funds list but missing from report
2026-01-22 19:35:35 - WARNING - Fund 5141924 (MTF מחקה (4A)י (ILS)י S&P Israel 30 LargeCap) is in mutual funds list but missing from report
2026-01-22 19:35:35 - WARNING - Fund 5141940 (פורצ`ן (2B)י 30/70) is in mutual funds list but missing from report
2026-01-22 19:35:35 - WARNING - Fund 5142039 (תכלית TTF י(4A) ‏ת"א נדל"ן-35) is in mutual funds list but missing from report
2026-01-22 19:35:35 - WARNING - Fund 5142054 (MTF מחקה (4D)י Crypto Ecosystem iNDEX) is in mutual funds list but missing from report
2026-01-22 19:35:35 - WARNING - Fund 5142088 (קסם KTF י(4A)י MarketVector תעשיות בטחוניות ישראליות) is in mutual funds list but missing from report
2026-01-22 19:35:35 - WARNING - Fund 5142096 (קסם KTF י(4A)י LBMA GOLD PRICE PM USD מנוטרלת מט"ח) is in mutual funds list but missing from report
2026-01-22 19:35:35 - WARNING - Fund 1158286 (קסם ETFי (00) אינדקס Bull) is in report but not in mutual funds list
2026-01-22 19:35:35 - WARNING - Fund 1158302 (קסם ETFי (00) אינדקס Bull) is in report but not in mutual funds list
2026-01-22 19:35:35 - WARNING - Fund 5129846 (קסםKTF  (0D) אינדקס Bulle) is in report but not in mutual funds list
2026-01-22 19:35:35 - INFO - Fund completeness check completed: 463 exceptions
2026-01-22 19:35:35 - INFO - Starting date validity check for month: 2025-12
2026-01-22 19:35:35 - INFO - Date validity check completed: 0 exceptions
2026-01-22 19:35:35 - INFO - Starting previous month comparison check
2026-01-22 19:35:35 - WARNING - Fund 1145952: Code 0601 added (now 0.20%)
2026-01-22 19:35:35 - WARNING - Fund 1146059: Code 010101 changed by 28.10% (-215.80% -> -187.70%)
2026-01-22 19:35:35 - WARNING - Fund 1146182: Code 0601 added (now 0.10%)
2026-01-22 19:35:35 - WARNING - Fund 1146372: Code 0501 added (now 1.50%)
2026-01-22 19:35:35 - WARNING - Fund 1146380: Code 010101 changed by 27.00% (287.00% -> 314.00%)
2026-01-22 19:35:35 - WARNING - Fund 1146380: Code 03010102 changed by 16.70% (87.10% -> 103.80%)
2026-01-22 19:35:35 - WARNING - Fund 1146380: Code 070101 changed by 16.70% (87.10% -> 103.80%)
2026-01-22 19:35:35 - WARNING - Fund 1146422: Code 0601 removed (was 0.50%)
2026-01-22 19:35:35 - WARNING - Fund 1146455: Code 03010102 changed by 11.80% (232.90% -> 244.70%)
2026-01-22 19:35:35 - WARNING - Fund 1146695: Code 010102 added (now 0.00%)
2026-01-22 19:35:35 - WARNING - Fund 1146695: Code 010211 added (now 0.00%)
2026-01-22 19:35:35 - WARNING - Fund 1146703: Code 0601 removed (was 0.00%)
2026-01-22 19:35:35 - WARNING - Fund 1146745: Code 010101 changed by 13.90% (-105.40% -> -119.30%)
2026-01-22 19:35:35 - WARNING - Fund 1146745: Code 03010102 changed by 81.40% (139.50% -> 220.90%)
2026-01-22 19:35:35 - WARNING - Fund 1146745: Code 070101 changed by 81.40% (139.50% -> 220.90%)
2026-01-22 19:35:35 - WARNING - Fund 1147263: Code 0502 added (now 0.70%)
2026-01-22 19:35:35 - WARNING - Fund 1161058: Code 010101 changed by 239.80% (-338.70% -> -98.90%)
2026-01-22 19:35:35 - WARNING - Fund 1161058: Code 03010102 changed by 229.90% (419.00% -> 189.10%)
2026-01-22 19:35:35 - WARNING - Fund 1161058: Code 0501 changed by 49.20% (18.50% -> -30.70%)
2026-01-22 19:35:35 - WARNING - Fund 1161058: Code 0502 added (now -0.40%)
2026-01-22 19:35:35 - WARNING - Fund 1161058: Code 0601 added (now 0.40%)
2026-01-22 19:35:35 - WARNING - Fund 1161058: Code 070101 changed by 229.90% (419.00% -> 189.10%)
2026-01-22 19:35:35 - WARNING - Fund 1161876: Code 03010102 changed by 16.80% (205.10% -> 188.30%)
2026-01-22 19:35:35 - WARNING - Fund 1161876: Code 0501 changed by 13.80% (2.00% -> 15.80%)
2026-01-22 19:35:35 - WARNING - Fund 1161876: Code 070101 changed by 16.20% (162.90% -> 146.70%)
2026-01-22 19:35:35 - WARNING - Fund 5119003: Code 010212 added (now 1.03%)
2026-01-22 19:35:35 - WARNING - Fund 5119003: Code 060202 added (now 10.25%)
2026-01-22 19:35:35 - WARNING - Fund 5122668: Code 03020101 added (now 5.13%)
2026-01-22 19:35:35 - WARNING - Fund 5122668: Code 070101 added (now 5.13%)
2026-01-22 19:35:35 - WARNING - Fund 5122957: Code 0502 removed (was 0.40%)
2026-01-22 19:35:35 - WARNING - Fund 5123476: Code 03010203 removed (was 0.16%)
2026-01-22 19:35:35 - WARNING - Fund 5131347: Code 0501 added (now -0.00%)
2026-01-22 19:35:35 - WARNING - Fund 5134929: Code 03020204 removed (was 1.10%)
2026-01-22 19:35:35 - WARNING - Fund 5134929: Code 0501 added (now -4.80%)
2026-01-22 19:35:35 - WARNING - Fund 5136064: Code 0501 changed by 15.90% (-2.00% -> 13.90%)
2026-01-22 19:35:35 - WARNING - Fund 5136064: Code 0502 changed by 13.70% (23.60% -> 9.90%)
2026-01-22 19:35:35 - WARNING - Fund 5139233: Code 010101 added (now 100.00%)
2026-01-22 19:35:35 - WARNING - Fund 5139233: Code 010102 removed (was 100.02%)
2026-01-22 19:35:35 - WARNING - Fund 5139233: Code 0502 added (now 0.09%)
2026-01-22 19:35:35 - WARNING - Fund 5139738: Code 010101 added (now 100.01%)
2026-01-22 19:35:35 - WARNING - Fund 5139738: Code 010102 changed by 98.87% (100.05% -> 1.18%)
2026-01-22 19:35:35 - WARNING - Fund 5139738: Code 0502 added (now 0.09%)
2026-01-22 19:35:35 - WARNING - Fund 5139738: Code 0601 added (now -1.08%)
2026-01-22 19:35:35 - WARNING - Fund 5141312: Code 010101 added (now 100.00%)
2026-01-22 19:35:35 - WARNING - Fund 5141312: Code 010102 removed (was 100.02%)
2026-01-22 19:35:35 - INFO - Previous month comparison completed: 45 exceptions
2026-01-22 19:35:35 - INFO - Starting exposure profile check
2026-01-22 19:35:35 - WARNING - Fund 1145747: Profile 4D allows max 120% FX but total is 199.80%
2026-01-22 19:35:35 - WARNING - Fund 1145754: Profile 4D allows max 120% FX but total is 200.20%
2026-01-22 19:35:35 - WARNING - Fund 1145804: Profile 4D allows max 120% FX but total is 200.00%
2026-01-22 19:35:35 - WARNING - Fund 1145879: Profile 4D allows max 120% FX but total is 199.60%
2026-01-22 19:35:35 - WARNING - Fund 1146091: Profile 4D allows max 120% FX but total is 200.00%
2026-01-22 19:35:35 - WARNING - Fund 1146224: Profile 4D allows max 120% FX but total is 199.80%
2026-01-22 19:35:35 - WARNING - Fund 1146372: Profile 4D allows max 120% FX but total is 199.00%
2026-01-22 19:35:35 - WARNING - Fund 1146521: Profile 4D allows max 120% FX but total is 201.50%
2026-01-22 19:35:35 - WARNING - Fund 1146679: Profile 4D allows max 120% FX but total is 199.40%
2026-01-22 19:35:35 - WARNING - Fund 1147214: Profile 4D allows max 120% FX but total is 199.80%
2026-01-22 19:35:35 - WARNING - Fund 1147230: Profile 4D allows max 120% FX but total is 199.80%
2026-01-22 19:35:35 - WARNING - Fund 1147297: Profile 0D allows max 120% FX but total is 200.40%
2026-01-22 19:35:35 - WARNING - Fund 1150796: Profile 4D allows max 120% FX but total is 200.00%
2026-01-22 19:35:35 - WARNING - Fund 1161058: Profile 60 allows max 0% FX but total is 0.40%
2026-01-22 19:35:35 - WARNING - Fund 5133012: Profile 4D allows max 120% FX but total is 199.80%
2026-01-22 19:35:35 - WARNING - Fund 5134929: Profile 0D allows max 120% FX but total is 199.80%
2026-01-22 19:35:35 - WARNING - Fund 5136064: Profile 4D allows max 120% FX but total is 202.00%
2026-01-22 19:35:35 - WARNING - Fund 5136692: Profile 4D allows max 120% FX but total is 199.80%
2026-01-22 19:35:35 - WARNING - Fund 5138896: Profile 4D allows max 120% FX but total is 199.80%
2026-01-22 19:35:35 - WARNING - Fund 5139902: Profile 4D allows max 120% FX but total is 201.80%
2026-01-22 19:35:35 - WARNING - Fund 5104948: Profile 4D allows max 120% FX but total is 196.18%
2026-01-22 19:35:35 - WARNING - Fund 5109848: Profile 4D allows max 120% FX but total is 199.99%
2026-01-22 19:35:35 - WARNING - Fund 5112693: Profile 4D allows max 120% FX but total is 160.67%
2026-01-22 19:35:35 - WARNING - Fund 5119003: Profile 4D allows max 120% FX but total is 193.40%
2026-01-22 19:35:35 - WARNING - Fund 5123211: Profile 4D allows max 120% FX but total is 179.91%
2026-01-22 19:35:35 - INFO - Exposure profile check completed: 25 exceptions
2026-01-22 19:35:35 - INFO - Starting within-month combinations check
2026-01-22 19:35:35 - WARNING - Fund 1146265: Has FX-related codes but missing code 06
2026-01-22 19:35:35 - WARNING - Fund 1146422: Has FX-related codes but missing code 06
2026-01-22 19:35:35 - WARNING - Fund 1146703: Has FX-related codes but missing code 06
2026-01-22 19:35:35 - WARNING - Fund 1146828: Has FX-related codes but missing code 06
2026-01-22 19:35:35 - WARNING - Fund 1147057: Has FX-related codes but missing code 06
2026-01-22 19:35:35 - WARNING - Fund 5135272: Has FX-related codes but missing code 06
2026-01-22 19:35:35 - WARNING - Fund 5116942: Has code 06 but missing FX-related codes
2026-01-22 19:35:35 - INFO - Combinations check completed: 95 total exceptions
2026-01-22 19:35:35 - INFO - Writing output Excel file...
2026-01-22 19:35:36 - INFO - Output saved to: disclosure_validation_output.xlsx
2026-01-22 19:35:36 - INFO - ======================================================================
2026-01-22 19:35:36 - INFO - Validation Summary
2026-01-22 19:35:36 - INFO - ======================================================================
2026-01-22 19:35:36 - INFO - Report Month: 2025-12
2026-01-22 19:35:36 - INFO - Total Funds in Report: 450
2026-01-22 19:35:36 - INFO - In-Scope Funds (Mizrahi): 80
2026-01-22 19:35:36 - INFO - Out-of-Scope Funds: 370
2026-01-22 19:35:36 - INFO - 
2026-01-22 19:35:36 - INFO - Check Results:
2026-01-22 19:35:36 - INFO -   1א Fund Completeness: 463 exceptions
2026-01-22 19:35:36 - INFO -   1ב Date Validity: 0 exceptions
2026-01-22 19:35:36 - INFO -   2א Previous Month Comparison: 45 exceptions
2026-01-22 19:35:36 - INFO -   2ב Exposure Profile: 25 exceptions
2026-01-22 19:35:36 - INFO -   3א: 7 exceptions
2026-01-22 19:35:36 - INFO -   3ב: 0 exceptions
2026-01-22 19:35:36 - INFO -   3ג: 44 exceptions
2026-01-22 19:35:36 - INFO -   3ד: 44 exceptions
2026-01-22 19:35:36 - INFO -   3ה: 0 exceptions
2026-01-22 19:35:36 - INFO -   3ו: 0 exceptions
2026-01-22 19:35:36 - INFO -   3ז: 0 exceptions
2026-01-22 19:35:36 - INFO -   3ח: 0 exceptions
2026-01-22 19:35:36 - INFO - 
2026-01-22 19:35:36 - INFO - Output saved to: disclosure_validation_output.xlsx
2026-01-22 19:35:36 - INFO - ======================================================================
