2026-01-20 22:17:28 - INFO - ======================================================================
2026-01-20 22:17:28 - INFO - CHK_1A - Fund Completeness
2026-01-20 22:17:28 - INFO - ======================================================================
2026-01-20 22:17:28 - INFO - ======================================================================
2026-01-20 22:17:28 - INFO - CHK_1B - Date Validity
2026-01-20 22:17:28 - INFO - ======================================================================
2026-01-20 22:17:28 - INFO - ======================================================================
2026-01-20 22:17:28 - INFO - CHK_2A - Previous Month Comparison
2026-01-20 22:17:28 - INFO - ======================================================================
2026-01-20 22:17:28 - INFO - ======================================================================
2026-01-20 22:17:28 - INFO - CHK_2B - Exposure Profile Check
2026-01-20 22:17:28 - INFO - ======================================================================
2026-01-20 22:17:28 - INFO - ======================================================================
2026-01-20 22:17:28 - INFO - CHK_3 - Within-Month Combinations
2026-01-20 22:17:28 - INFO - ======================================================================
2026-01-20 22:17:28 - INFO - Log directory created: log\20260120_221728_4c99f9e9
2026-01-20 22:17:28 - INFO - ======================================================================
2026-01-20 22:17:28 - INFO - Disclosure Report K.303 Validator
2026-01-20 22:17:28 - INFO - ======================================================================
2026-01-20 22:17:28 - INFO - Loading mutual funds list...
2026-01-20 22:17:28 - INFO - Loaded 2443 funds from mutual funds list
2026-01-20 22:17:28 - INFO - Found 540 funds for trustee: מזרחי טפחות חברה לנאמנות בע"מ
2026-01-20 22:17:28 - INFO - Loading current month disclosure report...
